-------------------------------------------------------------------------------
Test set: com.example.mq.delay.RedisDelayEffectTest
-------------------------------------------------------------------------------
Tests run: 1, Failures: 1, Errors: 0, Skipped: 0, Time elapsed: 12.563 s <<< FAILURE! - in com.example.mq.delay.RedisDelayEffectTest
testDelayEffect  Time elapsed: 12.464 s  <<< FAILURE!
org.opentest4j.AssertionFailedError: 应该在10秒内接收到延迟消息 ==> expected: <true> but was: <false>
	at com.example.mq.delay.RedisDelayEffectTest.testDelayEffect(RedisDelayEffectTest.java:152)

