-------------------------------------------------------------------------------
Test set: com.example.mq.redis.RedisMessageTest
-------------------------------------------------------------------------------
Tests run: 4, Failures: 0, Errors: 4, Skipped: 0, Time elapsed: 5.249 s <<< FAILURE! - in com.example.mq.redis.RedisMessageTest
testSyncSend  Time elapsed: 0 s  <<< ERROR!
java.lang.IllegalStateException: Failed to load ApplicationContext
Caused by: org.springframework.beans.factory.UnsatisfiedDependencyException: Error creating bean with name 'orderSyncConsumer': Unsatisfied dependency expressed through field 'mqConsumer'; nested exception is org.springframework.beans.factory.NoUniqueBeanDefinitionException: No qualifying bean of type 'com.example.mq.consumer.MQConsumer' available: expected single matching bean but found 3: activeMQConsumer,rabbitMQConsumer,rocketMQConsumer
Caused by: org.springframework.beans.factory.NoUniqueBeanDefinitionException: No qualifying bean of type 'com.example.mq.consumer.MQConsumer' available: expected single matching bean but found 3: activeMQConsumer,rabbitMQConsumer,rocketMQConsumer

testAsyncSend  Time elapsed: 0 s  <<< ERROR!
java.lang.IllegalStateException: Failed to load ApplicationContext
Caused by: org.springframework.beans.factory.UnsatisfiedDependencyException: Error creating bean with name 'orderSyncConsumer': Unsatisfied dependency expressed through field 'mqConsumer'; nested exception is org.springframework.beans.factory.NoUniqueBeanDefinitionException: No qualifying bean of type 'com.example.mq.consumer.MQConsumer' available: expected single matching bean but found 3: activeMQConsumer,rabbitMQConsumer,rocketMQConsumer
Caused by: org.springframework.beans.factory.NoUniqueBeanDefinitionException: No qualifying bean of type 'com.example.mq.consumer.MQConsumer' available: expected single matching bean but found 3: activeMQConsumer,rabbitMQConsumer,rocketMQConsumer

testDelayMessage  Time elapsed: 0 s  <<< ERROR!
java.lang.IllegalStateException: Failed to load ApplicationContext
Caused by: org.springframework.beans.factory.UnsatisfiedDependencyException: Error creating bean with name 'orderSyncConsumer': Unsatisfied dependency expressed through field 'mqConsumer'; nested exception is org.springframework.beans.factory.NoUniqueBeanDefinitionException: No qualifying bean of type 'com.example.mq.consumer.MQConsumer' available: expected single matching bean but found 3: activeMQConsumer,rabbitMQConsumer,rocketMQConsumer
Caused by: org.springframework.beans.factory.NoUniqueBeanDefinitionException: No qualifying bean of type 'com.example.mq.consumer.MQConsumer' available: expected single matching bean but found 3: activeMQConsumer,rabbitMQConsumer,rocketMQConsumer

testMessageOrder  Time elapsed: 0 s  <<< ERROR!
java.lang.IllegalStateException: Failed to load ApplicationContext
Caused by: org.springframework.beans.factory.UnsatisfiedDependencyException: Error creating bean with name 'orderSyncConsumer': Unsatisfied dependency expressed through field 'mqConsumer'; nested exception is org.springframework.beans.factory.NoUniqueBeanDefinitionException: No qualifying bean of type 'com.example.mq.consumer.MQConsumer' available: expected single matching bean but found 3: activeMQConsumer,rabbitMQConsumer,rocketMQConsumer
Caused by: org.springframework.beans.factory.NoUniqueBeanDefinitionException: No qualifying bean of type 'com.example.mq.consumer.MQConsumer' available: expected single matching bean but found 3: activeMQConsumer,rabbitMQConsumer,rocketMQConsumer

