<?xml version="1.0" encoding="UTF-8"?>
<testsuite xmlns:xsi="http://www.w3.org/2001/XMLSchema-instance" xsi:noNamespaceSchemaLocation="https://maven.apache.org/surefire/maven-surefire-plugin/xsd/surefire-test-report.xsd" name="com.example.mq.redis.RedisMessageTest" time="16.235" tests="4" errors="0" skipped="0" failures="1">
  <properties>
[...]
</properties>
  <testcase name="testSyncSend" classname="com.example.mq.redis.RedisMessageTest" time="0.778"/>
  <testcase name="testAsyncSend" classname="com.example.mq.redis.RedisMessageTest" time="1.016"/>
  <testcase name="testDelayMessage" classname="com.example.mq.redis.RedisMessageTest" time="3.028"/>
  <testcase name="testMessageOrder" classname="com.example.mq.redis.RedisMessageTest" time="5.018">
    <failure message="消息接收超时 ==&gt; expected: &lt;true&gt; but was: &lt;false&gt;" type="org.opentest4j.AssertionFailedError"><![CDATA[org.opentest4j.AssertionFailedError: 消息接收超时 ==> expected: <true> but was: <false>
	at com.example.mq.redis.RedisMessageTest.testMessageOrder(RedisMessageTest.java:129)
]]></failure>
    <system-out><![CDATA[2025-07-09 11:23:57.241  INFO 27876 --- [           main] c.e.mq.consumer.impl.RedisConsumer       : Redis消费者取消订阅成功 - channel: test_topic:test_tag
2025-07-09 11:23:57.241  INFO 27876 --- [           main] c.e.mq.consumer.impl.RedisConsumer       : Redis消费者订阅成功 - channel: test_topic:test_tag
2025-07-09 11:23:57.243  INFO 27876 --- [           main] c.e.mq.producer.impl.RedisProducer       : Redis消息发送成功 - channel: test_topic:test_tag, messageId: 2f893079-d467-4650-a4f4-97b148e3da03, message: {"message":"消息1","tag":"test_tag","topic":"test_topic"}
2025-07-09 11:23:57.244  INFO 27876 --- [           main] c.e.mq.producer.impl.RedisProducer       : Redis消息发送成功 - channel: test_topic:test_tag, messageId: dc475e44-4a50-4e98-b687-b4aae253a12b, message: {"message":"消息2","tag":"test_tag","topic":"test_topic"}
2025-07-09 11:23:57.246  INFO 27876 --- [           main] c.e.mq.producer.impl.RedisProducer       : Redis消息发送成功 - channel: test_topic:test_tag, messageId: 89aa5b2d-bfae-4ac1-94c5-33560e0a3777, message: {"message":"消息3","tag":"test_tag","topic":"test_topic"}
]]></system-out>
  </testcase>
</testsuite>