<?xml version="1.0" encoding="UTF-8"?>
<testsuite xmlns:xsi="http://www.w3.org/2001/XMLSchema-instance" xsi:noNamespaceSchemaLocation="https://maven.apache.org/surefire/maven-surefire-plugin/xsd/surefire-test-report.xsd" name="com.example.mq.delay.RedisDelayEffectTest" time="12.563" tests="1" errors="0" skipped="0" failures="1">
  <properties>
[...]
</properties>
  <testcase name="testDelayEffect" classname="com.example.mq.delay.RedisDelayEffectTest" time="12.464">
    <failure message="应该在10秒内接收到延迟消息 ==&gt; expected: &lt;true&gt; but was: &lt;false&gt;" type="org.opentest4j.AssertionFailedError"><![CDATA[org.opentest4j.AssertionFailedError: 应该在10秒内接收到延迟消息 ==> expected: <true> but was: <false>
	at com.example.mq.delay.RedisDelayEffectTest.testDelayEffect(RedisDelayEffectTest.java:152)
]]></failure>
    <system-out><![CDATA[18:05:27.627 [main] DEBUG io.netty.util.internal.logging.InternalLoggerFactory - Using SLF4J as the default logging framework
18:05:27.636 [main] DEBUG io.netty.util.ResourceLeakDetector - -Dio.netty.leakDetection.level: simple
18:05:27.637 [main] DEBUG io.netty.util.ResourceLeakDetector - -Dio.netty.leakDetection.targetRecords: 4
18:05:27.681 [main] DEBUG io.netty.util.internal.PlatformDependent - Platform: Windows
18:05:27.684 [main] DEBUG io.netty.util.internal.PlatformDependent0 - -Dio.netty.noUnsafe: false
18:05:27.684 [main] DEBUG io.netty.util.internal.PlatformDependent0 - Java version: 22
18:05:27.688 [main] DEBUG io.netty.util.internal.PlatformDependent0 - sun.misc.Unsafe.theUnsafe: available
18:05:27.690 [main] DEBUG io.netty.util.internal.PlatformDependent0 - sun.misc.Unsafe.copyMemory: available
18:05:27.692 [main] DEBUG io.netty.util.internal.PlatformDependent0 - java.nio.Buffer.address: available
18:05:27.699 [main] DEBUG io.netty.util.internal.PlatformDependent0 - direct buffer constructor: unavailable
java.lang.NoSuchMethodException: java.nio.DirectByteBuffer.<init>(long,int)
	at java.base/java.lang.Class.getConstructor0(Class.java:3784)
	at java.base/java.lang.Class.getDeclaredConstructor(Class.java:2955)
	at io.netty.util.internal.PlatformDependent0$4.run(PlatformDependent0.java:238)
	at java.base/java.security.AccessController.doPrivileged(AccessController.java:319)
	at io.netty.util.internal.PlatformDependent0.<clinit>(PlatformDependent0.java:233)
	at io.netty.util.internal.PlatformDependent.isAndroid(PlatformDependent.java:294)
	at io.netty.util.internal.PlatformDependent.<clinit>(PlatformDependent.java:93)
	at io.netty.buffer.PooledByteBufAllocator.<clinit>(PooledByteBufAllocator.java:114)
	at io.lettuce.core.AbstractRedisClient.<clinit>(AbstractRedisClient.java:69)
	at org.springframework.data.redis.connection.lettuce.LettuceConnectionFactory.lambda$createClient$7(LettuceConnectionFactory.java:1084)
	at java.base/java.util.Optional.orElseGet(Optional.java:364)
	at org.springframework.data.redis.connection.lettuce.LettuceConnectionFactory.createClient(LettuceConnectionFactory.java:1084)
	at org.springframework.data.redis.connection.lettuce.LettuceConnectionFactory.afterPropertiesSet(LettuceConnectionFactory.java:283)
	at com.example.mq.delay.RedisDelayEffectTest.setup(RedisDelayEffectTest.java:44)
	at java.base/jdk.internal.reflect.DirectMethodHandleAccessor.invoke(DirectMethodHandleAccessor.java:103)
	at java.base/java.lang.reflect.Method.invoke(Method.java:580)
	at org.junit.platform.commons.util.ReflectionUtils.invokeMethod(ReflectionUtils.java:688)
	at org.junit.jupiter.engine.execution.MethodInvocation.proceed(MethodInvocation.java:60)
	at org.junit.jupiter.engine.execution.InvocationInterceptorChain$ValidatingInvocation.proceed(InvocationInterceptorChain.java:131)
	at org.junit.jupiter.engine.extension.TimeoutExtension.intercept(TimeoutExtension.java:149)
	at org.junit.jupiter.engine.extension.TimeoutExtension.interceptLifecycleMethod(TimeoutExtension.java:126)
	at org.junit.jupiter.engine.extension.TimeoutExtension.interceptBeforeEachMethod(TimeoutExtension.java:76)
	at org.junit.jupiter.engine.execution.ExecutableInvoker$ReflectiveInterceptorCall.lambda$ofVoidMethod$0(ExecutableInvoker.java:115)
	at org.junit.jupiter.engine.execution.ExecutableInvoker.lambda$invoke$0(ExecutableInvoker.java:105)
	at org.junit.jupiter.engine.execution.InvocationInterceptorChain$InterceptedInvocation.proceed(InvocationInterceptorChain.java:106)
	at org.junit.jupiter.engine.execution.InvocationInterceptorChain.proceed(InvocationInterceptorChain.java:64)
	at org.junit.jupiter.engine.execution.InvocationInterceptorChain.chainAndInvoke(InvocationInterceptorChain.java:45)
	at org.junit.jupiter.engine.execution.InvocationInterceptorChain.invoke(InvocationInterceptorChain.java:37)
	at org.junit.jupiter.engine.execution.ExecutableInvoker.invoke(ExecutableInvoker.java:104)
	at org.junit.jupiter.engine.execution.ExecutableInvoker.invoke(ExecutableInvoker.java:98)
	at org.junit.jupiter.engine.descriptor.ClassBasedTestDescriptor.invokeMethodInExtensionContext(ClassBasedTestDescriptor.java:490)
	at org.junit.jupiter.engine.descriptor.ClassBasedTestDescriptor.lambda$synthesizeBeforeEachMethodAdapter$19(ClassBasedTestDescriptor.java:475)
	at org.junit.jupiter.engine.descriptor.TestMethodTestDescriptor.lambda$invokeBeforeEachMethods$2(TestMethodTestDescriptor.java:167)
	at org.junit.jupiter.engine.descriptor.TestMethodTestDescriptor.lambda$invokeBeforeMethodsOrCallbacksUntilExceptionOccurs$5(TestMethodTestDescriptor.java:195)
	at org.junit.platform.engine.support.hierarchical.ThrowableCollector.execute(ThrowableCollector.java:73)
	at org.junit.jupiter.engine.descriptor.TestMethodTestDescriptor.invokeBeforeMethodsOrCallbacksUntilExceptionOccurs(TestMethodTestDescriptor.java:195)
	at org.junit.jupiter.engine.descriptor.TestMethodTestDescriptor.invokeBeforeEachMethods(TestMethodTestDescriptor.java:164)
	at org.junit.jupiter.engine.descriptor.TestMethodTestDescriptor.execute(TestMethodTestDescriptor.java:127)
	at org.junit.jupiter.engine.descriptor.TestMethodTestDescriptor.execute(TestMethodTestDescriptor.java:65)
	at org.junit.platform.engine.support.hierarchical.NodeTestTask.lambda$executeRecursively$5(NodeTestTask.java:139)
	at org.junit.platform.engine.support.hierarchical.ThrowableCollector.execute(ThrowableCollector.java:73)
	at org.junit.platform.engine.support.hierarchical.NodeTestTask.lambda$executeRecursively$7(NodeTestTask.java:129)
	at org.junit.platform.engine.support.hierarchical.Node.around(Node.java:137)
	at org.junit.platform.engine.support.hierarchical.NodeTestTask.lambda$executeRecursively$8(NodeTestTask.java:127)
	at org.junit.platform.engine.support.hierarchical.ThrowableCollector.execute(ThrowableCollector.java:73)
	at org.junit.platform.engine.support.hierarchical.NodeTestTask.executeRecursively(NodeTestTask.java:126)
	at org.junit.platform.engine.support.hierarchical.NodeTestTask.execute(NodeTestTask.java:84)
	at java.base/java.util.ArrayList.forEach(ArrayList.java:1597)
	at org.junit.platform.engine.support.hierarchical.SameThreadHierarchicalTestExecutorService.invokeAll(SameThreadHierarchicalTestExecutorService.java:38)
	at org.junit.platform.engine.support.hierarchical.NodeTestTask.lambda$executeRecursively$5(NodeTestTask.java:143)
	at org.junit.platform.engine.support.hierarchical.ThrowableCollector.execute(ThrowableCollector.java:73)
	at org.junit.platform.engine.support.hierarchical.NodeTestTask.lambda$executeRecursively$7(NodeTestTask.java:129)
	at org.junit.platform.engine.support.hierarchical.Node.around(Node.java:137)
	at org.junit.platform.engine.support.hierarchical.NodeTestTask.lambda$executeRecursively$8(NodeTestTask.java:127)
	at org.junit.platform.engine.support.hierarchical.ThrowableCollector.execute(ThrowableCollector.java:73)
	at org.junit.platform.engine.support.hierarchical.NodeTestTask.executeRecursively(NodeTestTask.java:126)
	at org.junit.platform.engine.support.hierarchical.NodeTestTask.execute(NodeTestTask.java:84)
	at java.base/java.util.ArrayList.forEach(ArrayList.java:1597)
	at org.junit.platform.engine.support.hierarchical.SameThreadHierarchicalTestExecutorService.invokeAll(SameThreadHierarchicalTestExecutorService.java:38)
	at org.junit.platform.engine.support.hierarchical.NodeTestTask.lambda$executeRecursively$5(NodeTestTask.java:143)
	at org.junit.platform.engine.support.hierarchical.ThrowableCollector.execute(ThrowableCollector.java:73)
	at org.junit.platform.engine.support.hierarchical.NodeTestTask.lambda$executeRecursively$7(NodeTestTask.java:129)
	at org.junit.platform.engine.support.hierarchical.Node.around(Node.java:137)
	at org.junit.platform.engine.support.hierarchical.NodeTestTask.lambda$executeRecursively$8(NodeTestTask.java:127)
	at org.junit.platform.engine.support.hierarchical.ThrowableCollector.execute(ThrowableCollector.java:73)
	at org.junit.platform.engine.support.hierarchical.NodeTestTask.executeRecursively(NodeTestTask.java:126)
	at org.junit.platform.engine.support.hierarchical.NodeTestTask.execute(NodeTestTask.java:84)
	at org.junit.platform.engine.support.hierarchical.SameThreadHierarchicalTestExecutorService.submit(SameThreadHierarchicalTestExecutorService.java:32)
	at org.junit.platform.engine.support.hierarchical.HierarchicalTestExecutor.execute(HierarchicalTestExecutor.java:57)
	at org.junit.platform.engine.support.hierarchical.HierarchicalTestEngine.execute(HierarchicalTestEngine.java:51)
	at org.junit.platform.launcher.core.DefaultLauncher.execute(DefaultLauncher.java:220)
	at org.junit.platform.launcher.core.DefaultLauncher.lambda$execute$6(DefaultLauncher.java:188)
	at org.junit.platform.launcher.core.DefaultLauncher.withInterceptedStreams(DefaultLauncher.java:202)
	at org.junit.platform.launcher.core.DefaultLauncher.execute(DefaultLauncher.java:181)
	at org.junit.platform.launcher.core.DefaultLauncher.execute(DefaultLauncher.java:128)
	at org.apache.maven.surefire.junitplatform.JUnitPlatformProvider.invokeAllTests(JUnitPlatformProvider.java:150)
	at org.apache.maven.surefire.junitplatform.JUnitPlatformProvider.invoke(JUnitPlatformProvider.java:124)
	at org.apache.maven.surefire.booter.ForkedBooter.invokeProviderInSameClassLoader(ForkedBooter.java:384)
	at org.apache.maven.surefire.booter.ForkedBooter.runSuitesInProcess(ForkedBooter.java:345)
	at org.apache.maven.surefire.booter.ForkedBooter.execute(ForkedBooter.java:126)
	at org.apache.maven.surefire.booter.ForkedBooter.main(ForkedBooter.java:418)
18:05:27.702 [main] DEBUG io.netty.util.internal.PlatformDependent0 - java.nio.Bits.unaligned: available, true
18:05:27.704 [main] DEBUG io.netty.util.internal.PlatformDependent0 - jdk.internal.misc.Unsafe.allocateUninitializedArray(int): unavailable
java.lang.IllegalAccessException: class io.netty.util.internal.PlatformDependent0$6 cannot access class jdk.internal.misc.Unsafe (in module java.base) because module java.base does not export jdk.internal.misc to unnamed module @44c8afef
	at java.base/jdk.internal.reflect.Reflection.newIllegalAccessException(Reflection.java:398)
	at java.base/java.lang.reflect.AccessibleObject.checkAccess(AccessibleObject.java:709)
	at java.base/java.lang.reflect.Method.invoke(Method.java:571)
	at io.netty.util.internal.PlatformDependent0$6.run(PlatformDependent0.java:353)
	at java.base/java.security.AccessController.doPrivileged(AccessController.java:319)
	at io.netty.util.internal.PlatformDependent0.<clinit>(PlatformDependent0.java:344)
	at io.netty.util.internal.PlatformDependent.isAndroid(PlatformDependent.java:294)
	at io.netty.util.internal.PlatformDependent.<clinit>(PlatformDependent.java:93)
	at io.netty.buffer.PooledByteBufAllocator.<clinit>(PooledByteBufAllocator.java:114)
	at io.lettuce.core.AbstractRedisClient.<clinit>(AbstractRedisClient.java:69)
	at org.springframework.data.redis.connection.lettuce.LettuceConnectionFactory.lambda$createClient$7(LettuceConnectionFactory.java:1084)
	at java.base/java.util.Optional.orElseGet(Optional.java:364)
	at org.springframework.data.redis.connection.lettuce.LettuceConnectionFactory.createClient(LettuceConnectionFactory.java:1084)
	at org.springframework.data.redis.connection.lettuce.LettuceConnectionFactory.afterPropertiesSet(LettuceConnectionFactory.java:283)
	at com.example.mq.delay.RedisDelayEffectTest.setup(RedisDelayEffectTest.java:44)
	at java.base/jdk.internal.reflect.DirectMethodHandleAccessor.invoke(DirectMethodHandleAccessor.java:103)
	at java.base/java.lang.reflect.Method.invoke(Method.java:580)
	at org.junit.platform.commons.util.ReflectionUtils.invokeMethod(ReflectionUtils.java:688)
	at org.junit.jupiter.engine.execution.MethodInvocation.proceed(MethodInvocation.java:60)
	at org.junit.jupiter.engine.execution.InvocationInterceptorChain$ValidatingInvocation.proceed(InvocationInterceptorChain.java:131)
	at org.junit.jupiter.engine.extension.TimeoutExtension.intercept(TimeoutExtension.java:149)
	at org.junit.jupiter.engine.extension.TimeoutExtension.interceptLifecycleMethod(TimeoutExtension.java:126)
	at org.junit.jupiter.engine.extension.TimeoutExtension.interceptBeforeEachMethod(TimeoutExtension.java:76)
	at org.junit.jupiter.engine.execution.ExecutableInvoker$ReflectiveInterceptorCall.lambda$ofVoidMethod$0(ExecutableInvoker.java:115)
	at org.junit.jupiter.engine.execution.ExecutableInvoker.lambda$invoke$0(ExecutableInvoker.java:105)
	at org.junit.jupiter.engine.execution.InvocationInterceptorChain$InterceptedInvocation.proceed(InvocationInterceptorChain.java:106)
	at org.junit.jupiter.engine.execution.InvocationInterceptorChain.proceed(InvocationInterceptorChain.java:64)
	at org.junit.jupiter.engine.execution.InvocationInterceptorChain.chainAndInvoke(InvocationInterceptorChain.java:45)
	at org.junit.jupiter.engine.execution.InvocationInterceptorChain.invoke(InvocationInterceptorChain.java:37)
	at org.junit.jupiter.engine.execution.ExecutableInvoker.invoke(ExecutableInvoker.java:104)
	at org.junit.jupiter.engine.execution.ExecutableInvoker.invoke(ExecutableInvoker.java:98)
	at org.junit.jupiter.engine.descriptor.ClassBasedTestDescriptor.invokeMethodInExtensionContext(ClassBasedTestDescriptor.java:490)
	at org.junit.jupiter.engine.descriptor.ClassBasedTestDescriptor.lambda$synthesizeBeforeEachMethodAdapter$19(ClassBasedTestDescriptor.java:475)
	at org.junit.jupiter.engine.descriptor.TestMethodTestDescriptor.lambda$invokeBeforeEachMethods$2(TestMethodTestDescriptor.java:167)
	at org.junit.jupiter.engine.descriptor.TestMethodTestDescriptor.lambda$invokeBeforeMethodsOrCallbacksUntilExceptionOccurs$5(TestMethodTestDescriptor.java:195)
	at org.junit.platform.engine.support.hierarchical.ThrowableCollector.execute(ThrowableCollector.java:73)
	at org.junit.jupiter.engine.descriptor.TestMethodTestDescriptor.invokeBeforeMethodsOrCallbacksUntilExceptionOccurs(TestMethodTestDescriptor.java:195)
	at org.junit.jupiter.engine.descriptor.TestMethodTestDescriptor.invokeBeforeEachMethods(TestMethodTestDescriptor.java:164)
	at org.junit.jupiter.engine.descriptor.TestMethodTestDescriptor.execute(TestMethodTestDescriptor.java:127)
	at org.junit.jupiter.engine.descriptor.TestMethodTestDescriptor.execute(TestMethodTestDescriptor.java:65)
	at org.junit.platform.engine.support.hierarchical.NodeTestTask.lambda$executeRecursively$5(NodeTestTask.java:139)
	at org.junit.platform.engine.support.hierarchical.ThrowableCollector.execute(ThrowableCollector.java:73)
	at org.junit.platform.engine.support.hierarchical.NodeTestTask.lambda$executeRecursively$7(NodeTestTask.java:129)
	at org.junit.platform.engine.support.hierarchical.Node.around(Node.java:137)
	at org.junit.platform.engine.support.hierarchical.NodeTestTask.lambda$executeRecursively$8(NodeTestTask.java:127)
	at org.junit.platform.engine.support.hierarchical.ThrowableCollector.execute(ThrowableCollector.java:73)
	at org.junit.platform.engine.support.hierarchical.NodeTestTask.executeRecursively(NodeTestTask.java:126)
	at org.junit.platform.engine.support.hierarchical.NodeTestTask.execute(NodeTestTask.java:84)
	at java.base/java.util.ArrayList.forEach(ArrayList.java:1597)
	at org.junit.platform.engine.support.hierarchical.SameThreadHierarchicalTestExecutorService.invokeAll(SameThreadHierarchicalTestExecutorService.java:38)
	at org.junit.platform.engine.support.hierarchical.NodeTestTask.lambda$executeRecursively$5(NodeTestTask.java:143)
	at org.junit.platform.engine.support.hierarchical.ThrowableCollector.execute(ThrowableCollector.java:73)
	at org.junit.platform.engine.support.hierarchical.NodeTestTask.lambda$executeRecursively$7(NodeTestTask.java:129)
	at org.junit.platform.engine.support.hierarchical.Node.around(Node.java:137)
	at org.junit.platform.engine.support.hierarchical.NodeTestTask.lambda$executeRecursively$8(NodeTestTask.java:127)
	at org.junit.platform.engine.support.hierarchical.ThrowableCollector.execute(ThrowableCollector.java:73)
	at org.junit.platform.engine.support.hierarchical.NodeTestTask.executeRecursively(NodeTestTask.java:126)
	at org.junit.platform.engine.support.hierarchical.NodeTestTask.execute(NodeTestTask.java:84)
	at java.base/java.util.ArrayList.forEach(ArrayList.java:1597)
	at org.junit.platform.engine.support.hierarchical.SameThreadHierarchicalTestExecutorService.invokeAll(SameThreadHierarchicalTestExecutorService.java:38)
	at org.junit.platform.engine.support.hierarchical.NodeTestTask.lambda$executeRecursively$5(NodeTestTask.java:143)
	at org.junit.platform.engine.support.hierarchical.ThrowableCollector.execute(ThrowableCollector.java:73)
	at org.junit.platform.engine.support.hierarchical.NodeTestTask.lambda$executeRecursively$7(NodeTestTask.java:129)
	at org.junit.platform.engine.support.hierarchical.Node.around(Node.java:137)
	at org.junit.platform.engine.support.hierarchical.NodeTestTask.lambda$executeRecursively$8(NodeTestTask.java:127)
	at org.junit.platform.engine.support.hierarchical.ThrowableCollector.execute(ThrowableCollector.java:73)
	at org.junit.platform.engine.support.hierarchical.NodeTestTask.executeRecursively(NodeTestTask.java:126)
	at org.junit.platform.engine.support.hierarchical.NodeTestTask.execute(NodeTestTask.java:84)
	at org.junit.platform.engine.support.hierarchical.SameThreadHierarchicalTestExecutorService.submit(SameThreadHierarchicalTestExecutorService.java:32)
	at org.junit.platform.engine.support.hierarchical.HierarchicalTestExecutor.execute(HierarchicalTestExecutor.java:57)
	at org.junit.platform.engine.support.hierarchical.HierarchicalTestEngine.execute(HierarchicalTestEngine.java:51)
	at org.junit.platform.launcher.core.DefaultLauncher.execute(DefaultLauncher.java:220)
	at org.junit.platform.launcher.core.DefaultLauncher.lambda$execute$6(DefaultLauncher.java:188)
	at org.junit.platform.launcher.core.DefaultLauncher.withInterceptedStreams(DefaultLauncher.java:202)
	at org.junit.platform.launcher.core.DefaultLauncher.execute(DefaultLauncher.java:181)
	at org.junit.platform.launcher.core.DefaultLauncher.execute(DefaultLauncher.java:128)
	at org.apache.maven.surefire.junitplatform.JUnitPlatformProvider.invokeAllTests(JUnitPlatformProvider.java:150)
	at org.apache.maven.surefire.junitplatform.JUnitPlatformProvider.invoke(JUnitPlatformProvider.java:124)
	at org.apache.maven.surefire.booter.ForkedBooter.invokeProviderInSameClassLoader(ForkedBooter.java:384)
	at org.apache.maven.surefire.booter.ForkedBooter.runSuitesInProcess(ForkedBooter.java:345)
	at org.apache.maven.surefire.booter.ForkedBooter.execute(ForkedBooter.java:126)
	at org.apache.maven.surefire.booter.ForkedBooter.main(ForkedBooter.java:418)
18:05:27.708 [main] DEBUG io.netty.util.internal.PlatformDependent0 - java.nio.DirectByteBuffer.<init>(long, int): unavailable
18:05:27.708 [main] DEBUG io.netty.util.internal.PlatformDependent - sun.misc.Unsafe: available
18:05:27.711 [main] DEBUG io.netty.util.internal.PlatformDependent - maxDirectMemory: 4240441344 bytes (maybe)
18:05:27.712 [main] DEBUG io.netty.util.internal.PlatformDependent - -Dio.netty.tmpdir: C:\Users\LEI~1.LON\AppData\Local\Temp (java.io.tmpdir)
18:05:27.713 [main] DEBUG io.netty.util.internal.PlatformDependent - -Dio.netty.bitMode: 64 (sun.arch.data.model)
18:05:27.715 [main] DEBUG io.netty.util.internal.PlatformDependent - -Dio.netty.maxDirectMemory: -1 bytes
18:05:27.715 [main] DEBUG io.netty.util.internal.PlatformDependent - -Dio.netty.uninitializedArrayAllocationThreshold: -1
18:05:27.720 [main] DEBUG io.netty.util.internal.CleanerJava9 - java.nio.ByteBuffer.cleaner(): available
18:05:27.721 [main] DEBUG io.netty.util.internal.PlatformDependent - -Dio.netty.noPreferDirect: false
18:05:27.723 [main] DEBUG io.netty.buffer.PooledByteBufAllocator - -Dio.netty.allocator.numHeapArenas: 24
18:05:27.723 [main] DEBUG io.netty.buffer.PooledByteBufAllocator - -Dio.netty.allocator.numDirectArenas: 24
18:05:27.723 [main] DEBUG io.netty.buffer.PooledByteBufAllocator - -Dio.netty.allocator.pageSize: 8192
18:05:27.723 [main] DEBUG io.netty.buffer.PooledByteBufAllocator - -Dio.netty.allocator.maxOrder: 11
18:05:27.723 [main] DEBUG io.netty.buffer.PooledByteBufAllocator - -Dio.netty.allocator.chunkSize: 16777216
18:05:27.723 [main] DEBUG io.netty.buffer.PooledByteBufAllocator - -Dio.netty.allocator.smallCacheSize: 256
18:05:27.723 [main] DEBUG io.netty.buffer.PooledByteBufAllocator - -Dio.netty.allocator.normalCacheSize: 64
18:05:27.723 [main] DEBUG io.netty.buffer.PooledByteBufAllocator - -Dio.netty.allocator.maxCachedBufferCapacity: 32768
18:05:27.723 [main] DEBUG io.netty.buffer.PooledByteBufAllocator - -Dio.netty.allocator.cacheTrimInterval: 8192
18:05:27.723 [main] DEBUG io.netty.buffer.PooledByteBufAllocator - -Dio.netty.allocator.cacheTrimIntervalMillis: 0
18:05:27.723 [main] DEBUG io.netty.buffer.PooledByteBufAllocator - -Dio.netty.allocator.useCacheForAllThreads: true
18:05:27.723 [main] DEBUG io.netty.buffer.PooledByteBufAllocator - -Dio.netty.allocator.maxCachedByteBuffersPerChunk: 1023
18:05:27.733 [main] DEBUG io.netty.util.internal.InternalThreadLocalMap - -Dio.netty.threadLocalMap.stringBuilder.initialSize: 1024
18:05:27.733 [main] DEBUG io.netty.util.internal.InternalThreadLocalMap - -Dio.netty.threadLocalMap.stringBuilder.maxSize: 4096
18:05:27.796 [main] DEBUG io.lettuce.core.resource.DefaultClientResources - -Dio.netty.eventLoopThreads: 12
18:05:27.812 [main] DEBUG io.lettuce.core.resource.DefaultEventLoopGroupProvider - Creating executor io.netty.util.concurrent.DefaultEventExecutorGroup
18:05:27.861 [main] DEBUG io.netty.util.ResourceLeakDetectorFactory - Loaded default ResourceLeakDetector: io.netty.util.ResourceLeakDetector@3e78b6a5
18:05:27.882 [main] DEBUG io.netty.util.internal.PlatformDependent - org.jctools-core.MpscChunkedArrayQueue: available
18:05:27.903 [main] DEBUG reactor.util.Loggers$LoggerFactory - Using Slf4j logging framework
18:05:28.093 [main] DEBUG io.lettuce.core.resource.DefaultClientResources - LatencyUtils/HdrUtils are not available, metrics are disabled
18:05:28.291 [main] DEBUG org.springframework.data.convert.CustomConversions - Adding converter from class java.lang.String to class [B as writing converter.
18:05:28.291 [main] DEBUG org.springframework.data.convert.CustomConversions - Adding converter from class [B to class java.lang.String as reading converter.
18:05:28.291 [main] DEBUG org.springframework.data.convert.CustomConversions - Adding converter from class java.lang.Number to class [B as writing converter.
18:05:28.291 [main] DEBUG org.springframework.data.convert.CustomConversions - Adding converter from class [B to class java.lang.Number as reading converter.
18:05:28.291 [main] DEBUG org.springframework.data.convert.CustomConversions - Adding converter from class java.lang.Enum to class [B as writing converter.
18:05:28.291 [main] DEBUG org.springframework.data.convert.CustomConversions - Adding converter from class [B to class java.lang.Enum as reading converter.
18:05:28.291 [main] DEBUG org.springframework.data.convert.CustomConversions - Adding converter from class java.lang.Boolean to class [B as writing converter.
18:05:28.291 [main] DEBUG org.springframework.data.convert.CustomConversions - Adding converter from class [B to class java.lang.Boolean as reading converter.
18:05:28.291 [main] DEBUG org.springframework.data.convert.CustomConversions - Adding converter from class java.util.Date to class [B as writing converter.
18:05:28.291 [main] DEBUG org.springframework.data.convert.CustomConversions - Adding converter from class [B to class java.util.Date as reading converter.
18:05:28.291 [main] DEBUG org.springframework.data.convert.CustomConversions - Adding converter from class java.util.UUID to class [B as writing converter.
18:05:28.292 [main] DEBUG org.springframework.data.convert.CustomConversions - Adding converter from class [B to class java.util.UUID as reading converter.
18:05:28.292 [main] DEBUG org.springframework.data.convert.CustomConversions - Adding converter from class java.time.LocalDateTime to class [B as writing converter.
18:05:28.292 [main] DEBUG org.springframework.data.convert.CustomConversions - Adding converter from class [B to class java.time.LocalDateTime as reading converter.
18:05:28.292 [main] DEBUG org.springframework.data.convert.CustomConversions - Adding converter from class java.time.LocalDate to class [B as writing converter.
18:05:28.292 [main] DEBUG org.springframework.data.convert.CustomConversions - Adding converter from class [B to class java.time.LocalDate as reading converter.
18:05:28.292 [main] DEBUG org.springframework.data.convert.CustomConversions - Adding converter from class java.time.LocalTime to class [B as writing converter.
18:05:28.292 [main] DEBUG org.springframework.data.convert.CustomConversions - Adding converter from class [B to class java.time.LocalTime as reading converter.
18:05:28.292 [main] DEBUG org.springframework.data.convert.CustomConversions - Adding converter from class java.time.ZonedDateTime to class [B as writing converter.
18:05:28.292 [main] DEBUG org.springframework.data.convert.CustomConversions - Adding converter from class [B to class java.time.ZonedDateTime as reading converter.
18:05:28.292 [main] DEBUG org.springframework.data.convert.CustomConversions - Adding converter from class java.time.Instant to class [B as writing converter.
18:05:28.292 [main] DEBUG org.springframework.data.convert.CustomConversions - Adding converter from class [B to class java.time.Instant as reading converter.
18:05:28.292 [main] DEBUG org.springframework.data.convert.CustomConversions - Adding converter from class java.time.ZoneId to class [B as writing converter.
18:05:28.292 [main] DEBUG org.springframework.data.convert.CustomConversions - Adding converter from class [B to class java.time.ZoneId as reading converter.
18:05:28.293 [main] DEBUG org.springframework.data.convert.CustomConversions - Adding converter from class java.time.Period to class [B as writing converter.
18:05:28.293 [main] DEBUG org.springframework.data.convert.CustomConversions - Adding converter from class [B to class java.time.Period as reading converter.
18:05:28.293 [main] DEBUG org.springframework.data.convert.CustomConversions - Adding converter from class java.time.Duration to class [B as writing converter.
18:05:28.293 [main] DEBUG org.springframework.data.convert.CustomConversions - Adding converter from class [B to class java.time.Duration as reading converter.
18:05:28.293 [main] DEBUG org.springframework.data.convert.CustomConversions - Adding converter from class java.util.Date to class java.time.LocalDateTime as reading converter.
18:05:28.293 [main] DEBUG org.springframework.data.convert.CustomConversions - Adding converter from class java.time.LocalDateTime to class java.util.Date as writing converter.
18:05:28.293 [main] DEBUG org.springframework.data.convert.CustomConversions - Adding converter from class java.util.Date to class java.time.LocalDate as reading converter.
18:05:28.293 [main] DEBUG org.springframework.data.convert.CustomConversions - Adding converter from class java.time.LocalDate to class java.util.Date as writing converter.
18:05:28.293 [main] DEBUG org.springframework.data.convert.CustomConversions - Adding converter from class java.util.Date to class java.time.LocalTime as reading converter.
18:05:28.293 [main] DEBUG org.springframework.data.convert.CustomConversions - Adding converter from class java.time.LocalTime to class java.util.Date as writing converter.
18:05:28.293 [main] DEBUG org.springframework.data.convert.CustomConversions - Adding converter from class java.util.Date to class java.time.Instant as reading converter.
18:05:28.293 [main] DEBUG org.springframework.data.convert.CustomConversions - Adding converter from class java.time.Instant to class java.util.Date as writing converter.
18:05:28.294 [main] DEBUG org.springframework.data.convert.CustomConversions - Adding converter from class java.time.LocalDateTime to class java.time.Instant as reading converter.
18:05:28.294 [main] DEBUG org.springframework.data.convert.CustomConversions - Adding converter from class java.time.Instant to class java.time.LocalDateTime as reading converter.
18:05:28.294 [main] DEBUG org.springframework.data.convert.CustomConversions - Adding converter from class java.time.ZoneId to class java.lang.String as writing converter.
18:05:28.294 [main] DEBUG org.springframework.data.convert.CustomConversions - Adding converter from class java.lang.String to class java.time.ZoneId as reading converter.
18:05:28.294 [main] DEBUG org.springframework.data.convert.CustomConversions - Adding converter from class java.time.Duration to class java.lang.String as writing converter.
18:05:28.294 [main] DEBUG org.springframework.data.convert.CustomConversions - Adding converter from class java.lang.String to class java.time.Duration as reading converter.
18:05:28.294 [main] DEBUG org.springframework.data.convert.CustomConversions - Adding converter from class java.time.Period to class java.lang.String as writing converter.
18:05:28.294 [main] DEBUG org.springframework.data.convert.CustomConversions - Adding converter from class java.lang.String to class java.time.Period as reading converter.
18:05:28.294 [main] DEBUG org.springframework.data.convert.CustomConversions - Adding converter from class java.lang.String to class java.time.LocalDate as reading converter.
18:05:28.294 [main] DEBUG org.springframework.data.convert.CustomConversions - Adding converter from class java.lang.String to class java.time.LocalDateTime as reading converter.
18:05:28.294 [main] DEBUG org.springframework.data.convert.CustomConversions - Adding converter from class java.lang.String to class java.time.Instant as reading converter.
18:05:28.354 [main] DEBUG org.springframework.data.convert.CustomConversions - Adding converter from class java.lang.String to class [B as writing converter.
18:05:28.354 [main] DEBUG org.springframework.data.convert.CustomConversions - Adding converter from class [B to class java.lang.String as reading converter.
18:05:28.355 [main] DEBUG org.springframework.data.convert.CustomConversions - Adding converter from class java.lang.Number to class [B as writing converter.
18:05:28.355 [main] DEBUG org.springframework.data.convert.CustomConversions - Adding converter from class [B to class java.lang.Number as reading converter.
18:05:28.355 [main] DEBUG org.springframework.data.convert.CustomConversions - Adding converter from class java.lang.Enum to class [B as writing converter.
18:05:28.355 [main] DEBUG org.springframework.data.convert.CustomConversions - Adding converter from class [B to class java.lang.Enum as reading converter.
18:05:28.355 [main] DEBUG org.springframework.data.convert.CustomConversions - Adding converter from class java.lang.Boolean to class [B as writing converter.
18:05:28.355 [main] DEBUG org.springframework.data.convert.CustomConversions - Adding converter from class [B to class java.lang.Boolean as reading converter.
18:05:28.355 [main] DEBUG org.springframework.data.convert.CustomConversions - Adding converter from class java.util.Date to class [B as writing converter.
18:05:28.355 [main] DEBUG org.springframework.data.convert.CustomConversions - Adding converter from class [B to class java.util.Date as reading converter.
18:05:28.355 [main] DEBUG org.springframework.data.convert.CustomConversions - Adding converter from class java.util.UUID to class [B as writing converter.
18:05:28.355 [main] DEBUG org.springframework.data.convert.CustomConversions - Adding converter from class [B to class java.util.UUID as reading converter.
18:05:28.355 [main] DEBUG org.springframework.data.convert.CustomConversions - Adding converter from class java.time.LocalDateTime to class [B as writing converter.
18:05:28.355 [main] DEBUG org.springframework.data.convert.CustomConversions - Adding converter from class [B to class java.time.LocalDateTime as reading converter.
18:05:28.355 [main] DEBUG org.springframework.data.convert.CustomConversions - Adding converter from class java.time.LocalDate to class [B as writing converter.
18:05:28.355 [main] DEBUG org.springframework.data.convert.CustomConversions - Adding converter from class [B to class java.time.LocalDate as reading converter.
18:05:28.356 [main] DEBUG org.springframework.data.convert.CustomConversions - Adding converter from class java.time.LocalTime to class [B as writing converter.
18:05:28.356 [main] DEBUG org.springframework.data.convert.CustomConversions - Adding converter from class [B to class java.time.LocalTime as reading converter.
18:05:28.356 [main] DEBUG org.springframework.data.convert.CustomConversions - Adding converter from class java.time.ZonedDateTime to class [B as writing converter.
18:05:28.356 [main] DEBUG org.springframework.data.convert.CustomConversions - Adding converter from class [B to class java.time.ZonedDateTime as reading converter.
18:05:28.356 [main] DEBUG org.springframework.data.convert.CustomConversions - Adding converter from class java.time.Instant to class [B as writing converter.
18:05:28.356 [main] DEBUG org.springframework.data.convert.CustomConversions - Adding converter from class [B to class java.time.Instant as reading converter.
18:05:28.356 [main] DEBUG org.springframework.data.convert.CustomConversions - Adding converter from class java.time.ZoneId to class [B as writing converter.
18:05:28.356 [main] DEBUG org.springframework.data.convert.CustomConversions - Adding converter from class [B to class java.time.ZoneId as reading converter.
18:05:28.356 [main] DEBUG org.springframework.data.convert.CustomConversions - Adding converter from class java.time.Period to class [B as writing converter.
18:05:28.356 [main] DEBUG org.springframework.data.convert.CustomConversions - Adding converter from class [B to class java.time.Period as reading converter.
18:05:28.356 [main] DEBUG org.springframework.data.convert.CustomConversions - Adding converter from class java.time.Duration to class [B as writing converter.
18:05:28.356 [main] DEBUG org.springframework.data.convert.CustomConversions - Adding converter from class [B to class java.time.Duration as reading converter.
18:05:28.356 [main] DEBUG org.springframework.data.convert.CustomConversions - Adding converter from class java.util.Date to class java.time.LocalDateTime as reading converter.
18:05:28.356 [main] DEBUG org.springframework.data.convert.CustomConversions - Adding converter from class java.time.LocalDateTime to class java.util.Date as writing converter.
18:05:28.356 [main] DEBUG org.springframework.data.convert.CustomConversions - Adding converter from class java.util.Date to class java.time.LocalDate as reading converter.
18:05:28.357 [main] DEBUG org.springframework.data.convert.CustomConversions - Adding converter from class java.time.LocalDate to class java.util.Date as writing converter.
18:05:28.357 [main] DEBUG org.springframework.data.convert.CustomConversions - Adding converter from class java.util.Date to class java.time.LocalTime as reading converter.
18:05:28.357 [main] DEBUG org.springframework.data.convert.CustomConversions - Adding converter from class java.time.LocalTime to class java.util.Date as writing converter.
18:05:28.357 [main] DEBUG org.springframework.data.convert.CustomConversions - Adding converter from class java.util.Date to class java.time.Instant as reading converter.
18:05:28.357 [main] DEBUG org.springframework.data.convert.CustomConversions - Adding converter from class java.time.Instant to class java.util.Date as writing converter.
18:05:28.357 [main] DEBUG org.springframework.data.convert.CustomConversions - Adding converter from class java.time.LocalDateTime to class java.time.Instant as reading converter.
18:05:28.357 [main] DEBUG org.springframework.data.convert.CustomConversions - Adding converter from class java.time.Instant to class java.time.LocalDateTime as reading converter.
18:05:28.357 [main] DEBUG org.springframework.data.convert.CustomConversions - Adding converter from class java.time.ZoneId to class java.lang.String as writing converter.
18:05:28.357 [main] DEBUG org.springframework.data.convert.CustomConversions - Adding converter from class java.lang.String to class java.time.ZoneId as reading converter.
18:05:28.357 [main] DEBUG org.springframework.data.convert.CustomConversions - Adding converter from class java.time.Duration to class java.lang.String as writing converter.
18:05:28.357 [main] DEBUG org.springframework.data.convert.CustomConversions - Adding converter from class java.lang.String to class java.time.Duration as reading converter.
18:05:28.357 [main] DEBUG org.springframework.data.convert.CustomConversions - Adding converter from class java.time.Period to class java.lang.String as writing converter.
18:05:28.357 [main] DEBUG org.springframework.data.convert.CustomConversions - Adding converter from class java.lang.String to class java.time.Period as reading converter.
18:05:28.357 [main] DEBUG org.springframework.data.convert.CustomConversions - Adding converter from class java.lang.String to class java.time.LocalDate as reading converter.
18:05:28.358 [main] DEBUG org.springframework.data.convert.CustomConversions - Adding converter from class java.lang.String to class java.time.LocalDateTime as reading converter.
18:05:28.358 [main] DEBUG org.springframework.data.convert.CustomConversions - Adding converter from class java.lang.String to class java.time.Instant as reading converter.
18:05:28.427 [main] DEBUG org.springframework.data.convert.CustomConversions - Adding converter from class java.lang.String to class [B as writing converter.
18:05:28.427 [main] DEBUG org.springframework.data.convert.CustomConversions - Adding converter from class [B to class java.lang.String as reading converter.
18:05:28.427 [main] DEBUG org.springframework.data.convert.CustomConversions - Adding converter from class java.lang.Number to class [B as writing converter.
18:05:28.427 [main] DEBUG org.springframework.data.convert.CustomConversions - Adding converter from class [B to class java.lang.Number as reading converter.
18:05:28.427 [main] DEBUG org.springframework.data.convert.CustomConversions - Adding converter from class java.lang.Enum to class [B as writing converter.
18:05:28.427 [main] DEBUG org.springframework.data.convert.CustomConversions - Adding converter from class [B to class java.lang.Enum as reading converter.
18:05:28.427 [main] DEBUG org.springframework.data.convert.CustomConversions - Adding converter from class java.lang.Boolean to class [B as writing converter.
18:05:28.427 [main] DEBUG org.springframework.data.convert.CustomConversions - Adding converter from class [B to class java.lang.Boolean as reading converter.
18:05:28.427 [main] DEBUG org.springframework.data.convert.CustomConversions - Adding converter from class java.util.Date to class [B as writing converter.
18:05:28.427 [main] DEBUG org.springframework.data.convert.CustomConversions - Adding converter from class [B to class java.util.Date as reading converter.
18:05:28.427 [main] DEBUG org.springframework.data.convert.CustomConversions - Adding converter from class java.util.UUID to class [B as writing converter.
18:05:28.427 [main] DEBUG org.springframework.data.convert.CustomConversions - Adding converter from class [B to class java.util.UUID as reading converter.
18:05:28.427 [main] DEBUG org.springframework.data.convert.CustomConversions - Adding converter from class java.time.LocalDateTime to class [B as writing converter.
18:05:28.427 [main] DEBUG org.springframework.data.convert.CustomConversions - Adding converter from class [B to class java.time.LocalDateTime as reading converter.
18:05:28.427 [main] DEBUG org.springframework.data.convert.CustomConversions - Adding converter from class java.time.LocalDate to class [B as writing converter.
18:05:28.428 [main] DEBUG org.springframework.data.convert.CustomConversions - Adding converter from class [B to class java.time.LocalDate as reading converter.
18:05:28.428 [main] DEBUG org.springframework.data.convert.CustomConversions - Adding converter from class java.time.LocalTime to class [B as writing converter.
18:05:28.428 [main] DEBUG org.springframework.data.convert.CustomConversions - Adding converter from class [B to class java.time.LocalTime as reading converter.
18:05:28.428 [main] DEBUG org.springframework.data.convert.CustomConversions - Adding converter from class java.time.ZonedDateTime to class [B as writing converter.
18:05:28.428 [main] DEBUG org.springframework.data.convert.CustomConversions - Adding converter from class [B to class java.time.ZonedDateTime as reading converter.
18:05:28.428 [main] DEBUG org.springframework.data.convert.CustomConversions - Adding converter from class java.time.Instant to class [B as writing converter.
18:05:28.428 [main] DEBUG org.springframework.data.convert.CustomConversions - Adding converter from class [B to class java.time.Instant as reading converter.
18:05:28.428 [main] DEBUG org.springframework.data.convert.CustomConversions - Adding converter from class java.time.ZoneId to class [B as writing converter.
18:05:28.428 [main] DEBUG org.springframework.data.convert.CustomConversions - Adding converter from class [B to class java.time.ZoneId as reading converter.
18:05:28.428 [main] DEBUG org.springframework.data.convert.CustomConversions - Adding converter from class java.time.Period to class [B as writing converter.
18:05:28.428 [main] DEBUG org.springframework.data.convert.CustomConversions - Adding converter from class [B to class java.time.Period as reading converter.
18:05:28.428 [main] DEBUG org.springframework.data.convert.CustomConversions - Adding converter from class java.time.Duration to class [B as writing converter.
18:05:28.428 [main] DEBUG org.springframework.data.convert.CustomConversions - Adding converter from class [B to class java.time.Duration as reading converter.
18:05:28.428 [main] DEBUG org.springframework.data.convert.CustomConversions - Adding converter from class java.util.Date to class java.time.LocalDateTime as reading converter.
18:05:28.428 [main] DEBUG org.springframework.data.convert.CustomConversions - Adding converter from class java.time.LocalDateTime to class java.util.Date as writing converter.
18:05:28.428 [main] DEBUG org.springframework.data.convert.CustomConversions - Adding converter from class java.util.Date to class java.time.LocalDate as reading converter.
18:05:28.428 [main] DEBUG org.springframework.data.convert.CustomConversions - Adding converter from class java.time.LocalDate to class java.util.Date as writing converter.
18:05:28.428 [main] DEBUG org.springframework.data.convert.CustomConversions - Adding converter from class java.util.Date to class java.time.LocalTime as reading converter.
18:05:28.429 [main] DEBUG org.springframework.data.convert.CustomConversions - Adding converter from class java.time.LocalTime to class java.util.Date as writing converter.
18:05:28.429 [main] DEBUG org.springframework.data.convert.CustomConversions - Adding converter from class java.util.Date to class java.time.Instant as reading converter.
18:05:28.429 [main] DEBUG org.springframework.data.convert.CustomConversions - Adding converter from class java.time.Instant to class java.util.Date as writing converter.
18:05:28.429 [main] DEBUG org.springframework.data.convert.CustomConversions - Adding converter from class java.time.LocalDateTime to class java.time.Instant as reading converter.
18:05:28.429 [main] DEBUG org.springframework.data.convert.CustomConversions - Adding converter from class java.time.Instant to class java.time.LocalDateTime as reading converter.
18:05:28.429 [main] DEBUG org.springframework.data.convert.CustomConversions - Adding converter from class java.time.ZoneId to class java.lang.String as writing converter.
18:05:28.429 [main] DEBUG org.springframework.data.convert.CustomConversions - Adding converter from class java.lang.String to class java.time.ZoneId as reading converter.
18:05:28.429 [main] DEBUG org.springframework.data.convert.CustomConversions - Adding converter from class java.time.Duration to class java.lang.String as writing converter.
18:05:28.429 [main] DEBUG org.springframework.data.convert.CustomConversions - Adding converter from class java.lang.String to class java.time.Duration as reading converter.
18:05:28.429 [main] DEBUG org.springframework.data.convert.CustomConversions - Adding converter from class java.time.Period to class java.lang.String as writing converter.
18:05:28.429 [main] DEBUG org.springframework.data.convert.CustomConversions - Adding converter from class java.lang.String to class java.time.Period as reading converter.
18:05:28.429 [main] DEBUG org.springframework.data.convert.CustomConversions - Adding converter from class java.lang.String to class java.time.LocalDate as reading converter.
18:05:28.429 [main] DEBUG org.springframework.data.convert.CustomConversions - Adding converter from class java.lang.String to class java.time.LocalDateTime as reading converter.
18:05:28.429 [main] DEBUG org.springframework.data.convert.CustomConversions - Adding converter from class java.lang.String to class java.time.Instant as reading converter.
18:05:28.435 [main] DEBUG org.springframework.data.convert.CustomConversions - Adding converter from class java.lang.String to class [B as writing converter.
18:05:28.435 [main] DEBUG org.springframework.data.convert.CustomConversions - Adding converter from class [B to class java.lang.String as reading converter.
18:05:28.435 [main] DEBUG org.springframework.data.convert.CustomConversions - Adding converter from class java.lang.Number to class [B as writing converter.
18:05:28.435 [main] DEBUG org.springframework.data.convert.CustomConversions - Adding converter from class [B to class java.lang.Number as reading converter.
18:05:28.435 [main] DEBUG org.springframework.data.convert.CustomConversions - Adding converter from class java.lang.Enum to class [B as writing converter.
18:05:28.435 [main] DEBUG org.springframework.data.convert.CustomConversions - Adding converter from class [B to class java.lang.Enum as reading converter.
18:05:28.435 [main] DEBUG org.springframework.data.convert.CustomConversions - Adding converter from class java.lang.Boolean to class [B as writing converter.
18:05:28.435 [main] DEBUG org.springframework.data.convert.CustomConversions - Adding converter from class [B to class java.lang.Boolean as reading converter.
18:05:28.435 [main] DEBUG org.springframework.data.convert.CustomConversions - Adding converter from class java.util.Date to class [B as writing converter.
18:05:28.436 [main] DEBUG org.springframework.data.convert.CustomConversions - Adding converter from class [B to class java.util.Date as reading converter.
18:05:28.436 [main] DEBUG org.springframework.data.convert.CustomConversions - Adding converter from class java.util.UUID to class [B as writing converter.
18:05:28.436 [main] DEBUG org.springframework.data.convert.CustomConversions - Adding converter from class [B to class java.util.UUID as reading converter.
18:05:28.436 [main] DEBUG org.springframework.data.convert.CustomConversions - Adding converter from class java.time.LocalDateTime to class [B as writing converter.
18:05:28.436 [main] DEBUG org.springframework.data.convert.CustomConversions - Adding converter from class [B to class java.time.LocalDateTime as reading converter.
18:05:28.436 [main] DEBUG org.springframework.data.convert.CustomConversions - Adding converter from class java.time.LocalDate to class [B as writing converter.
18:05:28.436 [main] DEBUG org.springframework.data.convert.CustomConversions - Adding converter from class [B to class java.time.LocalDate as reading converter.
18:05:28.436 [main] DEBUG org.springframework.data.convert.CustomConversions - Adding converter from class java.time.LocalTime to class [B as writing converter.
18:05:28.436 [main] DEBUG org.springframework.data.convert.CustomConversions - Adding converter from class [B to class java.time.LocalTime as reading converter.
18:05:28.436 [main] DEBUG org.springframework.data.convert.CustomConversions - Adding converter from class java.time.ZonedDateTime to class [B as writing converter.
18:05:28.436 [main] DEBUG org.springframework.data.convert.CustomConversions - Adding converter from class [B to class java.time.ZonedDateTime as reading converter.
18:05:28.436 [main] DEBUG org.springframework.data.convert.CustomConversions - Adding converter from class java.time.Instant to class [B as writing converter.
18:05:28.436 [main] DEBUG org.springframework.data.convert.CustomConversions - Adding converter from class [B to class java.time.Instant as reading converter.
18:05:28.436 [main] DEBUG org.springframework.data.convert.CustomConversions - Adding converter from class java.time.ZoneId to class [B as writing converter.
18:05:28.436 [main] DEBUG org.springframework.data.convert.CustomConversions - Adding converter from class [B to class java.time.ZoneId as reading converter.
18:05:28.436 [main] DEBUG org.springframework.data.convert.CustomConversions - Adding converter from class java.time.Period to class [B as writing converter.
18:05:28.436 [main] DEBUG org.springframework.data.convert.CustomConversions - Adding converter from class [B to class java.time.Period as reading converter.
18:05:28.436 [main] DEBUG org.springframework.data.convert.CustomConversions - Adding converter from class java.time.Duration to class [B as writing converter.
18:05:28.436 [main] DEBUG org.springframework.data.convert.CustomConversions - Adding converter from class [B to class java.time.Duration as reading converter.
18:05:28.437 [main] DEBUG org.springframework.data.convert.CustomConversions - Adding converter from class java.util.Date to class java.time.LocalDateTime as reading converter.
18:05:28.437 [main] DEBUG org.springframework.data.convert.CustomConversions - Adding converter from class java.time.LocalDateTime to class java.util.Date as writing converter.
18:05:28.437 [main] DEBUG org.springframework.data.convert.CustomConversions - Adding converter from class java.util.Date to class java.time.LocalDate as reading converter.
18:05:28.437 [main] DEBUG org.springframework.data.convert.CustomConversions - Adding converter from class java.time.LocalDate to class java.util.Date as writing converter.
18:05:28.437 [main] DEBUG org.springframework.data.convert.CustomConversions - Adding converter from class java.util.Date to class java.time.LocalTime as reading converter.
18:05:28.437 [main] DEBUG org.springframework.data.convert.CustomConversions - Adding converter from class java.time.LocalTime to class java.util.Date as writing converter.
18:05:28.437 [main] DEBUG org.springframework.data.convert.CustomConversions - Adding converter from class java.util.Date to class java.time.Instant as reading converter.
18:05:28.437 [main] DEBUG org.springframework.data.convert.CustomConversions - Adding converter from class java.time.Instant to class java.util.Date as writing converter.
18:05:28.437 [main] DEBUG org.springframework.data.convert.CustomConversions - Adding converter from class java.time.LocalDateTime to class java.time.Instant as reading converter.
18:05:28.437 [main] DEBUG org.springframework.data.convert.CustomConversions - Adding converter from class java.time.Instant to class java.time.LocalDateTime as reading converter.
18:05:28.437 [main] DEBUG org.springframework.data.convert.CustomConversions - Adding converter from class java.time.ZoneId to class java.lang.String as writing converter.
18:05:28.437 [main] DEBUG org.springframework.data.convert.CustomConversions - Adding converter from class java.lang.String to class java.time.ZoneId as reading converter.
18:05:28.437 [main] DEBUG org.springframework.data.convert.CustomConversions - Adding converter from class java.time.Duration to class java.lang.String as writing converter.
18:05:28.437 [main] DEBUG org.springframework.data.convert.CustomConversions - Adding converter from class java.lang.String to class java.time.Duration as reading converter.
18:05:28.437 [main] DEBUG org.springframework.data.convert.CustomConversions - Adding converter from class java.time.Period to class java.lang.String as writing converter.
18:05:28.437 [main] DEBUG org.springframework.data.convert.CustomConversions - Adding converter from class java.lang.String to class java.time.Period as reading converter.
18:05:28.437 [main] DEBUG org.springframework.data.convert.CustomConversions - Adding converter from class java.lang.String to class java.time.LocalDate as reading converter.
18:05:28.437 [main] DEBUG org.springframework.data.convert.CustomConversions - Adding converter from class java.lang.String to class java.time.LocalDateTime as reading converter.
18:05:28.437 [main] DEBUG org.springframework.data.convert.CustomConversions - Adding converter from class java.lang.String to class java.time.Instant as reading converter.
18:05:28.446 [main] DEBUG org.springframework.data.convert.CustomConversions - Adding converter from class java.lang.String to class [B as writing converter.
18:05:28.447 [main] DEBUG org.springframework.data.convert.CustomConversions - Adding converter from class [B to class java.lang.String as reading converter.
18:05:28.447 [main] DEBUG org.springframework.data.convert.CustomConversions - Adding converter from class java.lang.Number to class [B as writing converter.
18:05:28.447 [main] DEBUG org.springframework.data.convert.CustomConversions - Adding converter from class [B to class java.lang.Number as reading converter.
18:05:28.447 [main] DEBUG org.springframework.data.convert.CustomConversions - Adding converter from class java.lang.Enum to class [B as writing converter.
18:05:28.447 [main] DEBUG org.springframework.data.convert.CustomConversions - Adding converter from class [B to class java.lang.Enum as reading converter.
18:05:28.447 [main] DEBUG org.springframework.data.convert.CustomConversions - Adding converter from class java.lang.Boolean to class [B as writing converter.
18:05:28.447 [main] DEBUG org.springframework.data.convert.CustomConversions - Adding converter from class [B to class java.lang.Boolean as reading converter.
18:05:28.447 [main] DEBUG org.springframework.data.convert.CustomConversions - Adding converter from class java.util.Date to class [B as writing converter.
18:05:28.447 [main] DEBUG org.springframework.data.convert.CustomConversions - Adding converter from class [B to class java.util.Date as reading converter.
18:05:28.447 [main] DEBUG org.springframework.data.convert.CustomConversions - Adding converter from class java.util.UUID to class [B as writing converter.
18:05:28.447 [main] DEBUG org.springframework.data.convert.CustomConversions - Adding converter from class [B to class java.util.UUID as reading converter.
18:05:28.447 [main] DEBUG org.springframework.data.convert.CustomConversions - Adding converter from class java.time.LocalDateTime to class [B as writing converter.
18:05:28.447 [main] DEBUG org.springframework.data.convert.CustomConversions - Adding converter from class [B to class java.time.LocalDateTime as reading converter.
18:05:28.447 [main] DEBUG org.springframework.data.convert.CustomConversions - Adding converter from class java.time.LocalDate to class [B as writing converter.
18:05:28.447 [main] DEBUG org.springframework.data.convert.CustomConversions - Adding converter from class [B to class java.time.LocalDate as reading converter.
18:05:28.447 [main] DEBUG org.springframework.data.convert.CustomConversions - Adding converter from class java.time.LocalTime to class [B as writing converter.
18:05:28.447 [main] DEBUG org.springframework.data.convert.CustomConversions - Adding converter from class [B to class java.time.LocalTime as reading converter.
18:05:28.447 [main] DEBUG org.springframework.data.convert.CustomConversions - Adding converter from class java.time.ZonedDateTime to class [B as writing converter.
18:05:28.447 [main] DEBUG org.springframework.data.convert.CustomConversions - Adding converter from class [B to class java.time.ZonedDateTime as reading converter.
18:05:28.447 [main] DEBUG org.springframework.data.convert.CustomConversions - Adding converter from class java.time.Instant to class [B as writing converter.
18:05:28.447 [main] DEBUG org.springframework.data.convert.CustomConversions - Adding converter from class [B to class java.time.Instant as reading converter.
18:05:28.447 [main] DEBUG org.springframework.data.convert.CustomConversions - Adding converter from class java.time.ZoneId to class [B as writing converter.
18:05:28.447 [main] DEBUG org.springframework.data.convert.CustomConversions - Adding converter from class [B to class java.time.ZoneId as reading converter.
18:05:28.448 [main] DEBUG org.springframework.data.convert.CustomConversions - Adding converter from class java.time.Period to class [B as writing converter.
18:05:28.448 [main] DEBUG org.springframework.data.convert.CustomConversions - Adding converter from class [B to class java.time.Period as reading converter.
18:05:28.448 [main] DEBUG org.springframework.data.convert.CustomConversions - Adding converter from class java.time.Duration to class [B as writing converter.
18:05:28.448 [main] DEBUG org.springframework.data.convert.CustomConversions - Adding converter from class [B to class java.time.Duration as reading converter.
18:05:28.448 [main] DEBUG org.springframework.data.convert.CustomConversions - Adding converter from class java.util.Date to class java.time.LocalDateTime as reading converter.
18:05:28.448 [main] DEBUG org.springframework.data.convert.CustomConversions - Adding converter from class java.time.LocalDateTime to class java.util.Date as writing converter.
18:05:28.448 [main] DEBUG org.springframework.data.convert.CustomConversions - Adding converter from class java.util.Date to class java.time.LocalDate as reading converter.
18:05:28.448 [main] DEBUG org.springframework.data.convert.CustomConversions - Adding converter from class java.time.LocalDate to class java.util.Date as writing converter.
18:05:28.448 [main] DEBUG org.springframework.data.convert.CustomConversions - Adding converter from class java.util.Date to class java.time.LocalTime as reading converter.
18:05:28.448 [main] DEBUG org.springframework.data.convert.CustomConversions - Adding converter from class java.time.LocalTime to class java.util.Date as writing converter.
18:05:28.448 [main] DEBUG org.springframework.data.convert.CustomConversions - Adding converter from class java.util.Date to class java.time.Instant as reading converter.
18:05:28.448 [main] DEBUG org.springframework.data.convert.CustomConversions - Adding converter from class java.time.Instant to class java.util.Date as writing converter.
18:05:28.448 [main] DEBUG org.springframework.data.convert.CustomConversions - Adding converter from class java.time.LocalDateTime to class java.time.Instant as reading converter.
18:05:28.448 [main] DEBUG org.springframework.data.convert.CustomConversions - Adding converter from class java.time.Instant to class java.time.LocalDateTime as reading converter.
18:05:28.448 [main] DEBUG org.springframework.data.convert.CustomConversions - Adding converter from class java.time.ZoneId to class java.lang.String as writing converter.
18:05:28.448 [main] DEBUG org.springframework.data.convert.CustomConversions - Adding converter from class java.lang.String to class java.time.ZoneId as reading converter.
18:05:28.448 [main] DEBUG org.springframework.data.convert.CustomConversions - Adding converter from class java.time.Duration to class java.lang.String as writing converter.
18:05:28.448 [main] DEBUG org.springframework.data.convert.CustomConversions - Adding converter from class java.lang.String to class java.time.Duration as reading converter.
18:05:28.448 [main] DEBUG org.springframework.data.convert.CustomConversions - Adding converter from class java.time.Period to class java.lang.String as writing converter.
18:05:28.448 [main] DEBUG org.springframework.data.convert.CustomConversions - Adding converter from class java.lang.String to class java.time.Period as reading converter.
18:05:28.448 [main] DEBUG org.springframework.data.convert.CustomConversions - Adding converter from class java.lang.String to class java.time.LocalDate as reading converter.
18:05:28.449 [main] DEBUG org.springframework.data.convert.CustomConversions - Adding converter from class java.lang.String to class java.time.LocalDateTime as reading converter.
18:05:28.449 [main] DEBUG org.springframework.data.convert.CustomConversions - Adding converter from class java.lang.String to class java.time.Instant as reading converter.
18:05:28.479 [main] DEBUG org.springframework.data.redis.core.RedisConnectionUtils - Opening RedisConnection
18:05:28.482 [main] DEBUG io.lettuce.core.RedisClient - Trying to get a Redis connection for: RedisURI [host='localhost', port=6379]
18:05:28.924 [main] DEBUG io.lettuce.core.EpollProvider - Starting without optional epoll library
18:05:28.932 [main] DEBUG io.lettuce.core.KqueueProvider - Starting without optional kqueue library
18:05:28.939 [main] DEBUG io.lettuce.core.resource.DefaultEventLoopGroupProvider - Allocating executor io.netty.channel.nio.NioEventLoopGroup
18:05:28.939 [main] DEBUG io.lettuce.core.resource.DefaultEventLoopGroupProvider - Creating executor io.netty.channel.nio.NioEventLoopGroup
18:05:28.941 [main] DEBUG io.netty.channel.MultithreadEventLoopGroup - -Dio.netty.eventLoopThreads: 24
18:05:28.950 [main] DEBUG io.netty.channel.nio.NioEventLoop - -Dio.netty.noKeySetOptimization: false
18:05:28.950 [main] DEBUG io.netty.channel.nio.NioEventLoop - -Dio.netty.selectorAutoRebuildThreshold: 512
18:05:29.010 [main] DEBUG io.lettuce.core.resource.DefaultEventLoopGroupProvider - Adding reference to io.netty.channel.nio.NioEventLoopGroup@6c2d4cc6, existing ref count 0
18:05:29.052 [main] DEBUG io.lettuce.core.RedisClient - Resolved SocketAddress localhost/<unresolved>:6379 using RedisURI [host='localhost', port=6379]
18:05:29.054 [main] DEBUG io.lettuce.core.RedisClient - Connecting to Redis at localhost/<unresolved>:6379
18:05:29.098 [main] DEBUG io.netty.channel.DefaultChannelId - -Dio.netty.processId: 23436 (auto-detected)
18:05:29.102 [main] DEBUG io.netty.util.NetUtil - -Djava.net.preferIPv4Stack: false
18:05:29.103 [main] DEBUG io.netty.util.NetUtil - -Djava.net.preferIPv6Addresses: false
18:05:29.107 [main] DEBUG io.netty.util.NetUtilInitializations - Loopback interface: loopback_0 (Software Loopback Interface 1, 0:0:0:0:0:0:0:1)
18:05:29.109 [main] DEBUG io.netty.util.NetUtil - Failed to get SOMAXCONN from sysctl and file \proc\sys\net\core\somaxconn. Default: 200
18:05:29.113 [main] DEBUG io.netty.channel.DefaultChannelId - -Dio.netty.machineId: 1c:69:7a:ff:fe:c8:76:71 (auto-detected)
18:05:29.173 [main] DEBUG io.netty.buffer.ByteBufUtil - -Dio.netty.allocator.type: pooled
18:05:29.173 [main] DEBUG io.netty.buffer.ByteBufUtil - -Dio.netty.threadLocalDirectBufferSize: 0
18:05:29.173 [main] DEBUG io.netty.buffer.ByteBufUtil - -Dio.netty.maxThreadLocalCharBufferSize: 16384
18:05:29.232 [lettuce-nioEventLoop-4-1] DEBUG io.netty.util.Recycler - -Dio.netty.recycler.maxCapacityPerThread: 4096
18:05:29.232 [lettuce-nioEventLoop-4-1] DEBUG io.netty.util.Recycler - -Dio.netty.recycler.maxSharedCapacityFactor: 2
18:05:29.232 [lettuce-nioEventLoop-4-1] DEBUG io.netty.util.Recycler - -Dio.netty.recycler.linkCapacity: 16
18:05:29.232 [lettuce-nioEventLoop-4-1] DEBUG io.netty.util.Recycler - -Dio.netty.recycler.ratio: 8
18:05:29.232 [lettuce-nioEventLoop-4-1] DEBUG io.netty.util.Recycler - -Dio.netty.recycler.delayedQueue.ratio: 8
18:05:29.253 [lettuce-nioEventLoop-4-1] DEBUG io.netty.buffer.AbstractByteBuf - -Dio.netty.buffer.checkAccessible: true
18:05:29.255 [lettuce-nioEventLoop-4-1] DEBUG io.netty.buffer.AbstractByteBuf - -Dio.netty.buffer.checkBounds: true
18:05:29.255 [lettuce-nioEventLoop-4-1] DEBUG io.netty.util.ResourceLeakDetectorFactory - Loaded default ResourceLeakDetector: io.netty.util.ResourceLeakDetector@4855af64
18:05:29.324 [lettuce-nioEventLoop-4-1] DEBUG io.lettuce.core.protocol.CommandHandler - [channel=0x44a1dae9, [id: 0xa8190c91] (inactive), chid=0x1] channelRegistered()
18:05:29.338 [lettuce-nioEventLoop-4-1] DEBUG io.lettuce.core.protocol.CommandHandler - [channel=0x44a1dae9, /127.0.0.1:49203 -> localhost/127.0.0.1:6379, chid=0x1] channelActive()
18:05:29.340 [lettuce-nioEventLoop-4-1] DEBUG io.lettuce.core.protocol.DefaultEndpoint - [channel=0x44a1dae9, /127.0.0.1:49203 -> localhost/127.0.0.1:6379, epid=0x1] activateEndpointAndExecuteBufferedCommands 0 command(s) buffered
18:05:29.340 [lettuce-nioEventLoop-4-1] DEBUG io.lettuce.core.protocol.DefaultEndpoint - [channel=0x44a1dae9, /127.0.0.1:49203 -> localhost/127.0.0.1:6379, epid=0x1] activating endpoint
18:05:29.340 [lettuce-nioEventLoop-4-1] DEBUG io.lettuce.core.protocol.DefaultEndpoint - [channel=0x44a1dae9, /127.0.0.1:49203 -> localhost/127.0.0.1:6379, epid=0x1] flushCommands()
18:05:29.341 [lettuce-nioEventLoop-4-1] DEBUG io.lettuce.core.protocol.DefaultEndpoint - [channel=0x44a1dae9, /127.0.0.1:49203 -> localhost/127.0.0.1:6379, epid=0x1] flushCommands() Flushing 0 commands
18:05:29.341 [lettuce-nioEventLoop-4-1] DEBUG io.lettuce.core.protocol.ConnectionWatchdog - [channel=0x44a1dae9, /127.0.0.1:49203 -> localhost/127.0.0.1:6379, last known addr=localhost/127.0.0.1:6379] channelActive()
18:05:29.342 [lettuce-nioEventLoop-4-1] DEBUG io.lettuce.core.protocol.CommandHandler - [channel=0x44a1dae9, /127.0.0.1:49203 -> localhost/127.0.0.1:6379, chid=0x1] channelActive() done
18:05:29.344 [lettuce-nioEventLoop-4-1] DEBUG io.lettuce.core.RedisClient - Connecting to Redis at localhost/<unresolved>:6379: Success
18:05:29.359 [lettuce-nioEventLoop-4-1] DEBUG io.lettuce.core.protocol.ConnectionWatchdog - [channel=0x44a1dae9, /127.0.0.1:49203 -> localhost/127.0.0.1:6379, last known addr=localhost/127.0.0.1:6379] userEventTriggered(ctx, io.lettuce.core.ConnectionEvents$Activated@6bb8434f)
18:05:29.388 [main] DEBUG io.lettuce.core.RedisChannelHandler - dispatching command AsyncCommand [type=SET, output=StatusOutput [output=null, error='null'], commandType=io.lettuce.core.protocol.Command]
18:05:29.389 [main] DEBUG io.lettuce.core.protocol.DefaultEndpoint - [channel=0x44a1dae9, /127.0.0.1:49203 -> localhost/127.0.0.1:6379, epid=0x1] write() writeAndFlush command AsyncCommand [type=SET, output=StatusOutput [output=null, error='null'], commandType=io.lettuce.core.protocol.Command]
18:05:29.392 [lettuce-nioEventLoop-4-1] DEBUG io.lettuce.core.protocol.CommandHandler - [channel=0x44a1dae9, /127.0.0.1:49203 -> localhost/127.0.0.1:6379, chid=0x1] write(ctx, AsyncCommand [type=SET, output=StatusOutput [output=null, error='null'], commandType=io.lettuce.core.protocol.Command], promise)
18:05:29.395 [main] DEBUG io.lettuce.core.protocol.DefaultEndpoint - [channel=0x44a1dae9, /127.0.0.1:49203 -> localhost/127.0.0.1:6379, epid=0x1] write() done
18:05:29.404 [lettuce-nioEventLoop-4-1] DEBUG io.lettuce.core.protocol.CommandEncoder - [channel=0x44a1dae9, /127.0.0.1:49203 -> localhost/127.0.0.1:6379] writing command AsyncCommand [type=SET, output=StatusOutput [output=null, error='null'], commandType=io.lettuce.core.protocol.Command]
18:05:29.417 [lettuce-nioEventLoop-4-1] DEBUG io.lettuce.core.protocol.CommandHandler - [channel=0x44a1dae9, /127.0.0.1:49203 -> localhost/127.0.0.1:6379, chid=0x1] Received: 5 bytes, 1 commands in the stack
18:05:29.418 [lettuce-nioEventLoop-4-1] DEBUG io.lettuce.core.protocol.CommandHandler - [channel=0x44a1dae9, /127.0.0.1:49203 -> localhost/127.0.0.1:6379, chid=0x1] Stack contains: 1 commands
18:05:29.418 [lettuce-nioEventLoop-4-1] DEBUG io.lettuce.core.protocol.RedisStateMachine - Decode AsyncCommand [type=SET, output=StatusOutput [output=null, error='null'], commandType=io.lettuce.core.protocol.Command]
18:05:29.428 [lettuce-nioEventLoop-4-1] DEBUG io.lettuce.core.protocol.RedisStateMachine - Decoded AsyncCommand [type=SET, output=StatusOutput [output=OK, error='null'], commandType=io.lettuce.core.protocol.Command], empty stack: true
18:05:29.429 [main] DEBUG org.springframework.data.redis.core.RedisConnectionUtils - Closing Redis Connection.
18:05:29.430 [main] DEBUG org.springframework.data.redis.core.RedisConnectionUtils - Opening RedisConnection
18:05:29.437 [main] DEBUG io.lettuce.core.RedisChannelHandler - dispatching command AsyncCommand [type=DEL, output=IntegerOutput [output=null, error='null'], commandType=io.lettuce.core.protocol.Command]
18:05:29.437 [main] DEBUG io.lettuce.core.protocol.DefaultEndpoint - [channel=0x44a1dae9, /127.0.0.1:49203 -> localhost/127.0.0.1:6379, epid=0x1] write() writeAndFlush command AsyncCommand [type=DEL, output=IntegerOutput [output=null, error='null'], commandType=io.lettuce.core.protocol.Command]
18:05:29.438 [main] DEBUG io.lettuce.core.protocol.DefaultEndpoint - [channel=0x44a1dae9, /127.0.0.1:49203 -> localhost/127.0.0.1:6379, epid=0x1] write() done
18:05:29.438 [lettuce-nioEventLoop-4-1] DEBUG io.lettuce.core.protocol.CommandHandler - [channel=0x44a1dae9, /127.0.0.1:49203 -> localhost/127.0.0.1:6379, chid=0x1] write(ctx, AsyncCommand [type=DEL, output=IntegerOutput [output=null, error='null'], commandType=io.lettuce.core.protocol.Command], promise)
18:05:29.438 [lettuce-nioEventLoop-4-1] DEBUG io.lettuce.core.protocol.CommandEncoder - [channel=0x44a1dae9, /127.0.0.1:49203 -> localhost/127.0.0.1:6379] writing command AsyncCommand [type=DEL, output=IntegerOutput [output=null, error='null'], commandType=io.lettuce.core.protocol.Command]
18:05:29.439 [lettuce-nioEventLoop-4-1] DEBUG io.lettuce.core.protocol.CommandHandler - [channel=0x44a1dae9, /127.0.0.1:49203 -> localhost/127.0.0.1:6379, chid=0x1] Received: 4 bytes, 1 commands in the stack
18:05:29.439 [lettuce-nioEventLoop-4-1] DEBUG io.lettuce.core.protocol.CommandHandler - [channel=0x44a1dae9, /127.0.0.1:49203 -> localhost/127.0.0.1:6379, chid=0x1] Stack contains: 1 commands
18:05:29.439 [lettuce-nioEventLoop-4-1] DEBUG io.lettuce.core.protocol.RedisStateMachine - Decode AsyncCommand [type=DEL, output=IntegerOutput [output=null, error='null'], commandType=io.lettuce.core.protocol.Command]
18:05:29.439 [lettuce-nioEventLoop-4-1] DEBUG io.lettuce.core.protocol.RedisStateMachine - Decoded AsyncCommand [type=DEL, output=IntegerOutput [output=1, error='null'], commandType=io.lettuce.core.protocol.Command], empty stack: true
18:05:29.439 [main] DEBUG org.springframework.data.redis.core.RedisConnectionUtils - Closing Redis Connection.
18:05:29.439 [main] INFO com.example.mq.delay.RedisDelayEffectTest - Redis连接正常
18:05:29.453 [main] DEBUG org.springframework.data.redis.listener.RedisMessageListenerContainer - Postpone listening for Redis messages until actual listeners are added
18:05:29.454 [main] DEBUG org.springframework.data.redis.listener.RedisMessageListenerContainer - Started RedisMessageListenerContainer
18:05:29.477 [main] INFO com.example.mq.delay.adapter.RedisAdapter - Redis适配器初始化成功
18:05:29.479 [main] INFO com.example.mq.delay.DelayMessageSender - 延迟消息发送器初始化成功，已加载1个MQ适配器
18:05:29.479 [main] INFO com.example.mq.delay.RedisDelayEffectTest - Redis延迟消息测试环境初始化完成
18:05:29.484 [main] INFO com.example.mq.delay.RedisDelayEffectTest - === 开始Redis延迟消息效果测试 ===
18:05:29.511 [main] DEBUG org.springframework.data.redis.listener.RedisMessageListenerContainer - Started listening for Redis messages
18:05:29.511 [main] INFO com.example.mq.consumer.impl.RedisConsumer - Redis消费者订阅成功 - channel: delay-effect-topic:delay-effect-tag
18:05:29.511 [main] INFO com.example.mq.delay.RedisDelayEffectTest - 
=== 发送延迟消息 ===
18:05:29.512 [main] INFO com.example.mq.delay.RedisDelayEffectTest - 发送时间: 2025-07-10 18:05:29.511
18:05:29.512 [main] INFO com.example.mq.delay.RedisDelayEffectTest - 延迟时间: 5秒
18:05:29.512 [main] INFO com.example.mq.delay.RedisDelayEffectTest - 预期接收时间: 2025-07-10 18:05:34.512
18:05:29.635 [RedisMessageListenerContainer-1] DEBUG io.lettuce.core.RedisClient - Resolved SocketAddress localhost/<unresolved>:6379 using RedisURI [host='localhost', port=6379]
18:05:29.635 [RedisMessageListenerContainer-1] DEBUG io.lettuce.core.RedisClient - Connecting to Redis at localhost/<unresolved>:6379
18:05:29.667 [lettuce-nioEventLoop-4-2] DEBUG io.lettuce.core.protocol.CommandHandler - [channel=0x8b3819be, [id: 0x43db4cc1] (inactive), chid=0x2] channelRegistered()
18:05:29.670 [lettuce-nioEventLoop-4-2] DEBUG io.lettuce.core.protocol.CommandHandler - [channel=0x8b3819be, /127.0.0.1:49204 -> localhost/127.0.0.1:6379, chid=0x2] channelActive()
18:05:29.670 [lettuce-nioEventLoop-4-2] DEBUG io.lettuce.core.protocol.DefaultEndpoint - [channel=0x8b3819be, /127.0.0.1:49204 -> localhost/127.0.0.1:6379, epid=0x2] activateEndpointAndExecuteBufferedCommands 0 command(s) buffered
18:05:29.670 [lettuce-nioEventLoop-4-2] DEBUG io.lettuce.core.protocol.DefaultEndpoint - [channel=0x8b3819be, /127.0.0.1:49204 -> localhost/127.0.0.1:6379, epid=0x2] activating endpoint
18:05:29.671 [lettuce-nioEventLoop-4-2] DEBUG io.lettuce.core.protocol.DefaultEndpoint - [channel=0x8b3819be, /127.0.0.1:49204 -> localhost/127.0.0.1:6379, epid=0x2] flushCommands()
18:05:29.671 [lettuce-nioEventLoop-4-2] DEBUG io.lettuce.core.protocol.DefaultEndpoint - [channel=0x8b3819be, /127.0.0.1:49204 -> localhost/127.0.0.1:6379, epid=0x2] flushCommands() Flushing 0 commands
18:05:29.671 [lettuce-nioEventLoop-4-2] DEBUG io.lettuce.core.protocol.ConnectionWatchdog - [channel=0x8b3819be, /127.0.0.1:49204 -> localhost/127.0.0.1:6379, last known addr=localhost/127.0.0.1:6379] channelActive()
18:05:29.671 [lettuce-nioEventLoop-4-2] DEBUG io.lettuce.core.protocol.CommandHandler - [channel=0x8b3819be, /127.0.0.1:49204 -> localhost/127.0.0.1:6379, chid=0x2] channelActive() done
18:05:29.671 [lettuce-nioEventLoop-4-2] DEBUG io.lettuce.core.RedisClient - Connecting to Redis at localhost/<unresolved>:6379: Success
18:05:29.672 [lettuce-nioEventLoop-4-2] DEBUG io.lettuce.core.protocol.ConnectionWatchdog - [channel=0x8b3819be, /127.0.0.1:49204 -> localhost/127.0.0.1:6379, last known addr=localhost/127.0.0.1:6379] userEventTriggered(ctx, io.lettuce.core.ConnectionEvents$Activated@24445ea5)
18:05:29.677 [RedisMessageListenerContainer-1] DEBUG io.lettuce.core.RedisChannelHandler - dispatching command AsyncCommand [type=SUBSCRIBE, output=PubSubOutput [output=null, error='null'], commandType=io.lettuce.core.protocol.Command]
18:05:29.677 [RedisMessageListenerContainer-1] DEBUG io.lettuce.core.protocol.DefaultEndpoint - [channel=0x8b3819be, /127.0.0.1:49204 -> localhost/127.0.0.1:6379, epid=0x2] write() writeAndFlush command AsyncCommand [type=SUBSCRIBE, output=PubSubOutput [output=null, error='null'], commandType=io.lettuce.core.protocol.Command]
18:05:29.677 [RedisMessageListenerContainer-1] DEBUG io.lettuce.core.protocol.DefaultEndpoint - [channel=0x8b3819be, /127.0.0.1:49204 -> localhost/127.0.0.1:6379, epid=0x2] write() done
18:05:29.677 [lettuce-nioEventLoop-4-2] DEBUG io.lettuce.core.protocol.CommandHandler - [channel=0x8b3819be, /127.0.0.1:49204 -> localhost/127.0.0.1:6379, chid=0x2] write(ctx, AsyncCommand [type=SUBSCRIBE, output=PubSubOutput [output=null, error='null'], commandType=io.lettuce.core.protocol.Command], promise)
18:05:29.678 [lettuce-nioEventLoop-4-2] DEBUG io.lettuce.core.protocol.CommandEncoder - [channel=0x8b3819be, /127.0.0.1:49204 -> localhost/127.0.0.1:6379] writing command AsyncCommand [type=SUBSCRIBE, output=PubSubOutput [output=null, error='null'], commandType=io.lettuce.core.protocol.Command]
18:05:29.679 [lettuce-nioEventLoop-4-2] DEBUG io.lettuce.core.protocol.CommandHandler - [channel=0x8b3819be, /127.0.0.1:49204 -> localhost/127.0.0.1:6379, chid=0x2] Received: 65 bytes, 1 commands in the stack
18:05:29.679 [lettuce-nioEventLoop-4-2] DEBUG io.lettuce.core.protocol.CommandHandler - [channel=0x8b3819be, /127.0.0.1:49204 -> localhost/127.0.0.1:6379, chid=0x2] Stack contains: 1 commands
18:05:29.680 [lettuce-nioEventLoop-4-2] DEBUG io.lettuce.core.protocol.RedisStateMachine - Decode AsyncCommand [type=SUBSCRIBE, output=PubSubOutput [output=null, error='null'], commandType=io.lettuce.core.protocol.Command]
18:05:29.709 [lettuce-nioEventLoop-4-2] DEBUG io.lettuce.core.protocol.RedisStateMachine - Decoded AsyncCommand [type=SUBSCRIBE, output=PubSubOutput [output=null, error='null'], commandType=io.lettuce.core.protocol.Command], empty stack: true
18:05:29.776 [main] DEBUG org.springframework.data.redis.core.RedisConnectionUtils - Opening RedisConnection
18:05:29.777 [main] DEBUG io.lettuce.core.RedisChannelHandler - dispatching command AsyncCommand [type=SET, output=StatusOutput [output=null, error='null'], commandType=io.lettuce.core.protocol.Command]
18:05:29.777 [main] DEBUG io.lettuce.core.protocol.DefaultEndpoint - [channel=0x44a1dae9, /127.0.0.1:49203 -> localhost/127.0.0.1:6379, epid=0x1] write() writeAndFlush command AsyncCommand [type=SET, output=StatusOutput [output=null, error='null'], commandType=io.lettuce.core.protocol.Command]
18:05:29.777 [main] DEBUG io.lettuce.core.protocol.DefaultEndpoint - [channel=0x44a1dae9, /127.0.0.1:49203 -> localhost/127.0.0.1:6379, epid=0x1] write() done
18:05:29.777 [lettuce-nioEventLoop-4-1] DEBUG io.lettuce.core.protocol.CommandHandler - [channel=0x44a1dae9, /127.0.0.1:49203 -> localhost/127.0.0.1:6379, chid=0x1] write(ctx, AsyncCommand [type=SET, output=StatusOutput [output=null, error='null'], commandType=io.lettuce.core.protocol.Command], promise)
18:05:29.778 [lettuce-nioEventLoop-4-1] DEBUG io.lettuce.core.protocol.CommandEncoder - [channel=0x44a1dae9, /127.0.0.1:49203 -> localhost/127.0.0.1:6379] writing command AsyncCommand [type=SET, output=StatusOutput [output=null, error='null'], commandType=io.lettuce.core.protocol.Command]
18:05:29.781 [lettuce-nioEventLoop-4-1] DEBUG io.lettuce.core.protocol.CommandHandler - [channel=0x44a1dae9, /127.0.0.1:49203 -> localhost/127.0.0.1:6379, chid=0x1] Received: 5 bytes, 1 commands in the stack
18:05:29.782 [lettuce-nioEventLoop-4-1] DEBUG io.lettuce.core.protocol.CommandHandler - [channel=0x44a1dae9, /127.0.0.1:49203 -> localhost/127.0.0.1:6379, chid=0x1] Stack contains: 1 commands
18:05:29.782 [lettuce-nioEventLoop-4-1] DEBUG io.lettuce.core.protocol.RedisStateMachine - Decode AsyncCommand [type=SET, output=StatusOutput [output=null, error='null'], commandType=io.lettuce.core.protocol.Command]
18:05:29.782 [lettuce-nioEventLoop-4-1] DEBUG io.lettuce.core.protocol.RedisStateMachine - Decoded AsyncCommand [type=SET, output=StatusOutput [output=OK, error='null'], commandType=io.lettuce.core.protocol.Command], empty stack: true
18:05:29.782 [main] DEBUG org.springframework.data.redis.core.RedisConnectionUtils - Closing Redis Connection.
18:05:29.786 [main] DEBUG org.springframework.data.redis.core.RedisConnectionUtils - Opening RedisConnection
[...]
18:05:35.467 [lettuce-nioEventLoop-4-1] DEBUG io.lettuce.core.protocol.RedisStateMachine - Decode AsyncCommand [type=ZRANGEBYSCORE, output=ValueListOutput [output=[], error='null'], commandType=io.lettuce.core.protocol.Command]
18:05:35.467 [lettuce-nioEventLoop-4-1] DEBUG io.lettuce.core.protocol.RedisStateMachine - Decoded AsyncCommand [type=ZRANGEBYSCORE, output=ValueListOutput [output=[], error='null'], commandType=io.lettuce.core.protocol.Command], empty stack: true
18:05:35.467 [Thread-0] DEBUG org.springframework.data.redis.core.RedisConnectionUtils - Closing Redis Connection.
18:05:35.976 [Thread-0] DEBUG org.springframework.data.redis.core.RedisConnectionUtils - Opening RedisConnection
18:05:35.976 [Thread-0] DEBUG io.lettuce.core.RedisChannelHandler - dispatching command AsyncCommand [type=ZRANGEBYSCORE, output=ValueListOutput [output=[], error='null'], commandType=io.lettuce.core.protocol.Command]
18:05:35.976 [Thread-0] DEBUG io.lettuce.core.protocol.DefaultEndpoint - [channel=0x44a1dae9, /127.0.0.1:49203 -> localhost/127.0.0.1:6379, epid=0x1] write() writeAndFlush command AsyncCommand [type=ZRANGEBYSCORE, output=ValueListOutput [output=[], error='null'], commandType=io.lettuce.core.protocol.Command]
18:05:35.976 [Thread-0] DEBUG io.lettuce.core.protocol.DefaultEndpoint - [channel=0x44a1dae9, /127.0.0.1:49203 -> localhost/127.0.0.1:6379, epid=0x1] write() done
18:05:35.976 [lettuce-nioEventLoop-4-1] DEBUG io.lettuce.core.protocol.CommandHandler - [channel=0x44a1dae9, /127.0.0.1:49203 -> localhost/127.0.0.1:6379, chid=0x1] write(ctx, AsyncCommand [type=ZRANGEBYSCORE, output=ValueListOutput [output=[], error='null'], commandType=io.lettuce.core.protocol.Command], promise)
18:05:35.977 [lettuce-nioEventLoop-4-1] DEBUG io.lettuce.core.protocol.CommandEncoder - [channel=0x44a1dae9, /127.0.0.1:49203 -> localhost/127.0.0.1:6379] writing command AsyncCommand [type=ZRANGEBYSCORE, output=ValueListOutput [output=[], error='null'], commandType=io.lettuce.core.protocol.Command]
18:05:35.977 [lettuce-nioEventLoop-4-1] DEBUG io.lettuce.core.protocol.CommandHandler - [channel=0x44a1dae9, /127.0.0.1:49203 -> localhost/127.0.0.1:6379, chid=0x1] Received: 4 bytes, 1 commands in the stack
18:05:35.977 [lettuce-nioEventLoop-4-1] DEBUG io.lettuce.core.protocol.CommandHandler - [channel=0x44a1dae9, /127.0.0.1:49203 -> localhost/127.0.0.1:6379, chid=0x1] Stack contains: 1 commands
18:05:35.977 [lettuce-nioEventLoop-4-1] DEBUG io.lettuce.core.protocol.RedisStateMachine - Decode AsyncCommand [type=ZRANGEBYSCORE, output=ValueListOutput [output=[], error='null'], commandType=io.lettuce.core.protocol.Command]
18:05:35.977 [lettuce-nioEventLoop-4-1] DEBUG io.lettuce.core.protocol.RedisStateMachine - Decoded AsyncCommand [type=ZRANGEBYSCORE, output=ValueListOutput [output=[], error='null'], commandType=io.lettuce.core.protocol.Command], empty stack: true
18:05:35.978 [Thread-0] DEBUG org.springframework.data.redis.core.RedisConnectionUtils - Closing Redis Connection.
18:05:36.483 [Thread-0] DEBUG org.springframework.data.redis.core.RedisConnectionUtils - Opening RedisConnection
18:05:36.483 [Thread-0] DEBUG io.lettuce.core.RedisChannelHandler - dispatching command AsyncCommand [type=ZRANGEBYSCORE, output=ValueListOutput [output=[], error='null'], commandType=io.lettuce.core.protocol.Command]
18:05:36.484 [Thread-0] DEBUG io.lettuce.core.protocol.DefaultEndpoint - [channel=0x44a1dae9, /127.0.0.1:49203 -> localhost/127.0.0.1:6379, epid=0x1] write() writeAndFlush command AsyncCommand [type=ZRANGEBYSCORE, output=ValueListOutput [output=[], error='null'], commandType=io.lettuce.core.protocol.Command]
18:05:36.484 [Thread-0] DEBUG io.lettuce.core.protocol.DefaultEndpoint - [channel=0x44a1dae9, /127.0.0.1:49203 -> localhost/127.0.0.1:6379, epid=0x1] write() done
18:05:36.484 [lettuce-nioEventLoop-4-1] DEBUG io.lettuce.core.protocol.CommandHandler - [channel=0x44a1dae9, /127.0.0.1:49203 -> localhost/127.0.0.1:6379, chid=0x1] write(ctx, AsyncCommand [type=ZRANGEBYSCORE, output=ValueListOutput [output=[], error='null'], commandType=io.lettuce.core.protocol.Command], promise)
18:05:36.484 [lettuce-nioEventLoop-4-1] DEBUG io.lettuce.core.protocol.CommandEncoder - [channel=0x44a1dae9, /127.0.0.1:49203 -> localhost/127.0.0.1:6379] writing command AsyncCommand [type=ZRANGEBYSCORE, output=ValueListOutput [output=[], error='null'], commandType=io.lettuce.core.protocol.Command]
18:05:36.485 [lettuce-nioEventLoop-4-1] DEBUG io.lettuce.core.protocol.CommandHandler - [channel=0x44a1dae9, /127.0.0.1:49203 -> localhost/127.0.0.1:6379, chid=0x1] Received: 4 bytes, 1 commands in the stack
18:05:36.485 [lettuce-nioEventLoop-4-1] DEBUG io.lettuce.core.protocol.CommandHandler - [channel=0x44a1dae9, /127.0.0.1:49203 -> localhost/127.0.0.1:6379, chid=0x1] Stack contains: 1 commands
18:05:36.485 [lettuce-nioEventLoop-4-1] DEBUG io.lettuce.core.protocol.RedisStateMachine - Decode AsyncCommand [type=ZRANGEBYSCORE, output=ValueListOutput [output=[], error='null'], commandType=io.lettuce.core.protocol.Command]
18:05:36.485 [lettuce-nioEventLoop-4-1] DEBUG io.lettuce.core.protocol.RedisStateMachine - Decoded AsyncCommand [type=ZRANGEBYSCORE, output=ValueListOutput [output=[], error='null'], commandType=io.lettuce.core.protocol.Command], empty stack: true
18:05:36.485 [Thread-0] DEBUG org.springframework.data.redis.core.RedisConnectionUtils - Closing Redis Connection.
18:05:36.989 [Thread-0] DEBUG org.springframework.data.redis.core.RedisConnectionUtils - Opening RedisConnection
18:05:36.989 [Thread-0] DEBUG io.lettuce.core.RedisChannelHandler - dispatching command AsyncCommand [type=ZRANGEBYSCORE, output=ValueListOutput [output=[], error='null'], commandType=io.lettuce.core.protocol.Command]
18:05:36.989 [Thread-0] DEBUG io.lettuce.core.protocol.DefaultEndpoint - [channel=0x44a1dae9, /127.0.0.1:49203 -> localhost/127.0.0.1:6379, epid=0x1] write() writeAndFlush command AsyncCommand [type=ZRANGEBYSCORE, output=ValueListOutput [output=[], error='null'], commandType=io.lettuce.core.protocol.Command]
18:05:36.989 [Thread-0] DEBUG io.lettuce.core.protocol.DefaultEndpoint - [channel=0x44a1dae9, /127.0.0.1:49203 -> localhost/127.0.0.1:6379, epid=0x1] write() done
18:05:36.989 [lettuce-nioEventLoop-4-1] DEBUG io.lettuce.core.protocol.CommandHandler - [channel=0x44a1dae9, /127.0.0.1:49203 -> localhost/127.0.0.1:6379, chid=0x1] write(ctx, AsyncCommand [type=ZRANGEBYSCORE, output=ValueListOutput [output=[], error='null'], commandType=io.lettuce.core.protocol.Command], promise)
18:05:36.990 [lettuce-nioEventLoop-4-1] DEBUG io.lettuce.core.protocol.CommandEncoder - [channel=0x44a1dae9, /127.0.0.1:49203 -> localhost/127.0.0.1:6379] writing command AsyncCommand [type=ZRANGEBYSCORE, output=ValueListOutput [output=[], error='null'], commandType=io.lettuce.core.protocol.Command]
18:05:36.990 [lettuce-nioEventLoop-4-1] DEBUG io.lettuce.core.protocol.CommandHandler - [channel=0x44a1dae9, /127.0.0.1:49203 -> localhost/127.0.0.1:6379, chid=0x1] Received: 4 bytes, 1 commands in the stack
18:05:36.990 [lettuce-nioEventLoop-4-1] DEBUG io.lettuce.core.protocol.CommandHandler - [channel=0x44a1dae9, /127.0.0.1:49203 -> localhost/127.0.0.1:6379, chid=0x1] Stack contains: 1 commands
18:05:36.990 [lettuce-nioEventLoop-4-1] DEBUG io.lettuce.core.protocol.RedisStateMachine - Decode AsyncCommand [type=ZRANGEBYSCORE, output=ValueListOutput [output=[], error='null'], commandType=io.lettuce.core.protocol.Command]
18:05:36.990 [lettuce-nioEventLoop-4-1] DEBUG io.lettuce.core.protocol.RedisStateMachine - Decoded AsyncCommand [type=ZRANGEBYSCORE, output=ValueListOutput [output=[], error='null'], commandType=io.lettuce.core.protocol.Command], empty stack: true
18:05:36.990 [Thread-0] DEBUG org.springframework.data.redis.core.RedisConnectionUtils - Closing Redis Connection.
18:05:37.502 [Thread-0] DEBUG org.springframework.data.redis.core.RedisConnectionUtils - Opening RedisConnection
18:05:37.502 [Thread-0] DEBUG io.lettuce.core.RedisChannelHandler - dispatching command AsyncCommand [type=ZRANGEBYSCORE, output=ValueListOutput [output=[], error='null'], commandType=io.lettuce.core.protocol.Command]
18:05:37.502 [Thread-0] DEBUG io.lettuce.core.protocol.DefaultEndpoint - [channel=0x44a1dae9, /127.0.0.1:49203 -> localhost/127.0.0.1:6379, epid=0x1] write() writeAndFlush command AsyncCommand [type=ZRANGEBYSCORE, output=ValueListOutput [output=[], error='null'], commandType=io.lettuce.core.protocol.Command]
18:05:37.503 [Thread-0] DEBUG io.lettuce.core.protocol.DefaultEndpoint - [channel=0x44a1dae9, /127.0.0.1:49203 -> localhost/127.0.0.1:6379, epid=0x1] write() done
18:05:37.503 [lettuce-nioEventLoop-4-1] DEBUG io.lettuce.core.protocol.CommandHandler - [channel=0x44a1dae9, /127.0.0.1:49203 -> localhost/127.0.0.1:6379, chid=0x1] write(ctx, AsyncCommand [type=ZRANGEBYSCORE, output=ValueListOutput [output=[], error='null'], commandType=io.lettuce.core.protocol.Command], promise)
18:05:37.503 [lettuce-nioEventLoop-4-1] DEBUG io.lettuce.core.protocol.CommandEncoder - [channel=0x44a1dae9, /127.0.0.1:49203 -> localhost/127.0.0.1:6379] writing command AsyncCommand [type=ZRANGEBYSCORE, output=ValueListOutput [output=[], error='null'], commandType=io.lettuce.core.protocol.Command]
18:05:37.504 [lettuce-nioEventLoop-4-1] DEBUG io.lettuce.core.protocol.CommandHandler - [channel=0x44a1dae9, /127.0.0.1:49203 -> localhost/127.0.0.1:6379, chid=0x1] Received: 4 bytes, 1 commands in the stack
18:05:37.504 [lettuce-nioEventLoop-4-1] DEBUG io.lettuce.core.protocol.CommandHandler - [channel=0x44a1dae9, /127.0.0.1:49203 -> localhost/127.0.0.1:6379, chid=0x1] Stack contains: 1 commands
18:05:37.504 [lettuce-nioEventLoop-4-1] DEBUG io.lettuce.core.protocol.RedisStateMachine - Decode AsyncCommand [type=ZRANGEBYSCORE, output=ValueListOutput [output=[], error='null'], commandType=io.lettuce.core.protocol.Command]
18:05:37.504 [lettuce-nioEventLoop-4-1] DEBUG io.lettuce.core.protocol.RedisStateMachine - Decoded AsyncCommand [type=ZRANGEBYSCORE, output=ValueListOutput [output=[], error='null'], commandType=io.lettuce.core.protocol.Command], empty stack: true
18:05:37.504 [Thread-0] DEBUG org.springframework.data.redis.core.RedisConnectionUtils - Closing Redis Connection.
18:05:38.012 [Thread-0] DEBUG org.springframework.data.redis.core.RedisConnectionUtils - Opening RedisConnection
18:05:38.012 [Thread-0] DEBUG io.lettuce.core.RedisChannelHandler - dispatching command AsyncCommand [type=ZRANGEBYSCORE, output=ValueListOutput [output=[], error='null'], commandType=io.lettuce.core.protocol.Command]
18:05:38.012 [Thread-0] DEBUG io.lettuce.core.protocol.DefaultEndpoint - [channel=0x44a1dae9, /127.0.0.1:49203 -> localhost/127.0.0.1:6379, epid=0x1] write() writeAndFlush command AsyncCommand [type=ZRANGEBYSCORE, output=ValueListOutput [output=[], error='null'], commandType=io.lettuce.core.protocol.Command]
18:05:38.012 [Thread-0] DEBUG io.lettuce.core.protocol.DefaultEndpoint - [channel=0x44a1dae9, /127.0.0.1:49203 -> localhost/127.0.0.1:6379, epid=0x1] write() done
18:05:38.012 [lettuce-nioEventLoop-4-1] DEBUG io.lettuce.core.protocol.CommandHandler - [channel=0x44a1dae9, /127.0.0.1:49203 -> localhost/127.0.0.1:6379, chid=0x1] write(ctx, AsyncCommand [type=ZRANGEBYSCORE, output=ValueListOutput [output=[], error='null'], commandType=io.lettuce.core.protocol.Command], promise)
18:05:38.013 [lettuce-nioEventLoop-4-1] DEBUG io.lettuce.core.protocol.CommandEncoder - [channel=0x44a1dae9, /127.0.0.1:49203 -> localhost/127.0.0.1:6379] writing command AsyncCommand [type=ZRANGEBYSCORE, output=ValueListOutput [output=[], error='null'], commandType=io.lettuce.core.protocol.Command]
18:05:38.013 [lettuce-nioEventLoop-4-1] DEBUG io.lettuce.core.protocol.CommandHandler - [channel=0x44a1dae9, /127.0.0.1:49203 -> localhost/127.0.0.1:6379, chid=0x1] Received: 4 bytes, 1 commands in the stack
18:05:38.013 [lettuce-nioEventLoop-4-1] DEBUG io.lettuce.core.protocol.CommandHandler - [channel=0x44a1dae9, /127.0.0.1:49203 -> localhost/127.0.0.1:6379, chid=0x1] Stack contains: 1 commands
18:05:38.013 [lettuce-nioEventLoop-4-1] DEBUG io.lettuce.core.protocol.RedisStateMachine - Decode AsyncCommand [type=ZRANGEBYSCORE, output=ValueListOutput [output=[], error='null'], commandType=io.lettuce.core.protocol.Command]
18:05:38.013 [lettuce-nioEventLoop-4-1] DEBUG io.lettuce.core.protocol.RedisStateMachine - Decoded AsyncCommand [type=ZRANGEBYSCORE, output=ValueListOutput [output=[], error='null'], commandType=io.lettuce.core.protocol.Command], empty stack: true
18:05:38.013 [Thread-0] DEBUG org.springframework.data.redis.core.RedisConnectionUtils - Closing Redis Connection.
18:05:38.517 [Thread-0] DEBUG org.springframework.data.redis.core.RedisConnectionUtils - Opening RedisConnection
18:05:38.517 [Thread-0] DEBUG io.lettuce.core.RedisChannelHandler - dispatching command AsyncCommand [type=ZRANGEBYSCORE, output=ValueListOutput [output=[], error='null'], commandType=io.lettuce.core.protocol.Command]
18:05:38.517 [Thread-0] DEBUG io.lettuce.core.protocol.DefaultEndpoint - [channel=0x44a1dae9, /127.0.0.1:49203 -> localhost/127.0.0.1:6379, epid=0x1] write() writeAndFlush command AsyncCommand [type=ZRANGEBYSCORE, output=ValueListOutput [output=[], error='null'], commandType=io.lettuce.core.protocol.Command]
18:05:38.518 [Thread-0] DEBUG io.lettuce.core.protocol.DefaultEndpoint - [channel=0x44a1dae9, /127.0.0.1:49203 -> localhost/127.0.0.1:6379, epid=0x1] write() done
18:05:38.518 [lettuce-nioEventLoop-4-1] DEBUG io.lettuce.core.protocol.CommandHandler - [channel=0x44a1dae9, /127.0.0.1:49203 -> localhost/127.0.0.1:6379, chid=0x1] write(ctx, AsyncCommand [type=ZRANGEBYSCORE, output=ValueListOutput [output=[], error='null'], commandType=io.lettuce.core.protocol.Command], promise)
18:05:38.518 [lettuce-nioEventLoop-4-1] DEBUG io.lettuce.core.protocol.CommandEncoder - [channel=0x44a1dae9, /127.0.0.1:49203 -> localhost/127.0.0.1:6379] writing command AsyncCommand [type=ZRANGEBYSCORE, output=ValueListOutput [output=[], error='null'], commandType=io.lettuce.core.protocol.Command]
18:05:38.519 [lettuce-nioEventLoop-4-1] DEBUG io.lettuce.core.protocol.CommandHandler - [channel=0x44a1dae9, /127.0.0.1:49203 -> localhost/127.0.0.1:6379, chid=0x1] Received: 4 bytes, 1 commands in the stack
18:05:38.519 [lettuce-nioEventLoop-4-1] DEBUG io.lettuce.core.protocol.CommandHandler - [channel=0x44a1dae9, /127.0.0.1:49203 -> localhost/127.0.0.1:6379, chid=0x1] Stack contains: 1 commands
18:05:38.519 [lettuce-nioEventLoop-4-1] DEBUG io.lettuce.core.protocol.RedisStateMachine - Decode AsyncCommand [type=ZRANGEBYSCORE, output=ValueListOutput [output=[], error='null'], commandType=io.lettuce.core.protocol.Command]
18:05:38.519 [lettuce-nioEventLoop-4-1] DEBUG io.lettuce.core.protocol.RedisStateMachine - Decoded AsyncCommand [type=ZRANGEBYSCORE, output=ValueListOutput [output=[], error='null'], commandType=io.lettuce.core.protocol.Command], empty stack: true
18:05:38.519 [Thread-0] DEBUG org.springframework.data.redis.core.RedisConnectionUtils - Closing Redis Connection.
18:05:39.020 [Thread-0] DEBUG org.springframework.data.redis.core.RedisConnectionUtils - Opening RedisConnection
18:05:39.020 [Thread-0] DEBUG io.lettuce.core.RedisChannelHandler - dispatching command AsyncCommand [type=ZRANGEBYSCORE, output=ValueListOutput [output=[], error='null'], commandType=io.lettuce.core.protocol.Command]
18:05:39.020 [Thread-0] DEBUG io.lettuce.core.protocol.DefaultEndpoint - [channel=0x44a1dae9, /127.0.0.1:49203 -> localhost/127.0.0.1:6379, epid=0x1] write() writeAndFlush command AsyncCommand [type=ZRANGEBYSCORE, output=ValueListOutput [output=[], error='null'], commandType=io.lettuce.core.protocol.Command]
18:05:39.021 [Thread-0] DEBUG io.lettuce.core.protocol.DefaultEndpoint - [channel=0x44a1dae9, /127.0.0.1:49203 -> localhost/127.0.0.1:6379, epid=0x1] write() done
18:05:39.021 [lettuce-nioEventLoop-4-1] DEBUG io.lettuce.core.protocol.CommandHandler - [channel=0x44a1dae9, /127.0.0.1:49203 -> localhost/127.0.0.1:6379, chid=0x1] write(ctx, AsyncCommand [type=ZRANGEBYSCORE, output=ValueListOutput [output=[], error='null'], commandType=io.lettuce.core.protocol.Command], promise)
18:05:39.021 [lettuce-nioEventLoop-4-1] DEBUG io.lettuce.core.protocol.CommandEncoder - [channel=0x44a1dae9, /127.0.0.1:49203 -> localhost/127.0.0.1:6379] writing command AsyncCommand [type=ZRANGEBYSCORE, output=ValueListOutput [output=[], error='null'], commandType=io.lettuce.core.protocol.Command]
18:05:39.021 [lettuce-nioEventLoop-4-1] DEBUG io.lettuce.core.protocol.CommandHandler - [channel=0x44a1dae9, /127.0.0.1:49203 -> localhost/127.0.0.1:6379, chid=0x1] Received: 4 bytes, 1 commands in the stack
18:05:39.021 [lettuce-nioEventLoop-4-1] DEBUG io.lettuce.core.protocol.CommandHandler - [channel=0x44a1dae9, /127.0.0.1:49203 -> localhost/127.0.0.1:6379, chid=0x1] Stack contains: 1 commands
18:05:39.021 [lettuce-nioEventLoop-4-1] DEBUG io.lettuce.core.protocol.RedisStateMachine - Decode AsyncCommand [type=ZRANGEBYSCORE, output=ValueListOutput [output=[], error='null'], commandType=io.lettuce.core.protocol.Command]
18:05:39.022 [lettuce-nioEventLoop-4-1] DEBUG io.lettuce.core.protocol.RedisStateMachine - Decoded AsyncCommand [type=ZRANGEBYSCORE, output=ValueListOutput [output=[], error='null'], commandType=io.lettuce.core.protocol.Command], empty stack: true
18:05:39.022 [Thread-0] DEBUG org.springframework.data.redis.core.RedisConnectionUtils - Closing Redis Connection.
18:05:39.530 [Thread-0] DEBUG org.springframework.data.redis.core.RedisConnectionUtils - Opening RedisConnection
18:05:39.530 [Thread-0] DEBUG io.lettuce.core.RedisChannelHandler - dispatching command AsyncCommand [type=ZRANGEBYSCORE, output=ValueListOutput [output=[], error='null'], commandType=io.lettuce.core.protocol.Command]
18:05:39.530 [Thread-0] DEBUG io.lettuce.core.protocol.DefaultEndpoint - [channel=0x44a1dae9, /127.0.0.1:49203 -> localhost/127.0.0.1:6379, epid=0x1] write() writeAndFlush command AsyncCommand [type=ZRANGEBYSCORE, output=ValueListOutput [output=[], error='null'], commandType=io.lettuce.core.protocol.Command]
18:05:39.531 [Thread-0] DEBUG io.lettuce.core.protocol.DefaultEndpoint - [channel=0x44a1dae9, /127.0.0.1:49203 -> localhost/127.0.0.1:6379, epid=0x1] write() done
18:05:39.531 [lettuce-nioEventLoop-4-1] DEBUG io.lettuce.core.protocol.CommandHandler - [channel=0x44a1dae9, /127.0.0.1:49203 -> localhost/127.0.0.1:6379, chid=0x1] write(ctx, AsyncCommand [type=ZRANGEBYSCORE, output=ValueListOutput [output=[], error='null'], commandType=io.lettuce.core.protocol.Command], promise)
18:05:39.531 [lettuce-nioEventLoop-4-1] DEBUG io.lettuce.core.protocol.CommandEncoder - [channel=0x44a1dae9, /127.0.0.1:49203 -> localhost/127.0.0.1:6379] writing command AsyncCommand [type=ZRANGEBYSCORE, output=ValueListOutput [output=[], error='null'], commandType=io.lettuce.core.protocol.Command]
18:05:39.532 [lettuce-nioEventLoop-4-1] DEBUG io.lettuce.core.protocol.CommandHandler - [channel=0x44a1dae9, /127.0.0.1:49203 -> localhost/127.0.0.1:6379, chid=0x1] Received: 4 bytes, 1 commands in the stack
18:05:39.532 [lettuce-nioEventLoop-4-1] DEBUG io.lettuce.core.protocol.CommandHandler - [channel=0x44a1dae9, /127.0.0.1:49203 -> localhost/127.0.0.1:6379, chid=0x1] Stack contains: 1 commands
18:05:39.532 [lettuce-nioEventLoop-4-1] DEBUG io.lettuce.core.protocol.RedisStateMachine - Decode AsyncCommand [type=ZRANGEBYSCORE, output=ValueListOutput [output=[], error='null'], commandType=io.lettuce.core.protocol.Command]
18:05:39.532 [lettuce-nioEventLoop-4-1] DEBUG io.lettuce.core.protocol.RedisStateMachine - Decoded AsyncCommand [type=ZRANGEBYSCORE, output=ValueListOutput [output=[], error='null'], commandType=io.lettuce.core.protocol.Command], empty stack: true
18:05:39.532 [Thread-0] DEBUG org.springframework.data.redis.core.RedisConnectionUtils - Closing Redis Connection.
]]></system-out>
  </testcase>
</testsuite>